TN:
SF:src\App.jsx
FN:13,(anonymous_0)
FN:20,(anonymous_1)
FN:32,(anonymous_2)
FN:56,App
FN:60,(anonymous_4)
FN:65,(anonymous_5)
FN:66,(anonymous_6)
FN:74,(anonymous_7)
FN:82,(anonymous_8)
FNF:9
FNH:5
FNDA:3,(anonymous_0)
FNDA:2,(anonymous_1)
FNDA:0,(anonymous_2)
FNDA:3,App
FNDA:0,(anonymous_4)
FNDA:3,(anonymous_5)
FNDA:3,(anonymous_6)
FNDA:0,(anonymous_7)
FNDA:0,(anonymous_8)
DA:13,2
DA:14,3
DA:15,2
DA:17,1
DA:20,2
DA:21,2
DA:28,0
DA:29,0
DA:32,2
DA:33,0
DA:34,0
DA:35,0
DA:36,0
DA:38,0
DA:41,0
DA:57,3
DA:58,3
DA:59,3
DA:60,3
DA:61,0
DA:62,0
DA:65,3
DA:66,3
DA:67,3
DA:68,3
DA:69,1
DA:71,2
DA:72,2
DA:73,2
DA:74,0
DA:75,0
DA:77,0
DA:79,3
DA:82,3
DA:83,0
DA:86,3
LF:36
LH:22
BRDA:14,0,0,2
BRDA:14,0,1,1
BRDA:32,1,0,0
BRDA:33,2,0,0
BRDA:33,2,1,0
BRDA:35,3,0,0
BRDA:35,3,1,0
BRDA:38,4,0,0
BRDA:38,4,1,0
BRDA:68,5,0,1
BRDA:68,5,1,2
BRDA:72,6,0,2
BRDA:72,6,1,0
BRF:13
BRH:5
end_of_record
TN:
SF:src\components\Drawer.jsx
FN:33,(anonymous_0)
FN:34,(anonymous_1)
FN:49,(anonymous_2)
FN:62,PersistentDrawerLeft
FN:65,(anonymous_4)
FN:67,(anonymous_5)
FN:78,(anonymous_6)
FN:80,(anonymous_7)
FN:92,(anonymous_8)
FN:96,(anonymous_9)
FN:102,(anonymous_10)
FN:105,(anonymous_11)
FN:170,(anonymous_12)
FN:206,(anonymous_13)
FN:246,(anonymous_14)
FN:273,(anonymous_15)
FN:284,(anonymous_16)
FNF:17
FNH:10
FNDA:6,(anonymous_0)
FNDA:2,(anonymous_1)
FNDA:0,(anonymous_2)
FNDA:2,PersistentDrawerLeft
FNDA:2,(anonymous_4)
FNDA:0,(anonymous_5)
FNDA:2,(anonymous_6)
FNDA:0,(anonymous_7)
FNDA:0,(anonymous_8)
FNDA:0,(anonymous_9)
FNDA:0,(anonymous_10)
FNDA:0,(anonymous_11)
FNDA:2,(anonymous_12)
FNDA:2,(anonymous_13)
FNDA:6,(anonymous_14)
FNDA:2,(anonymous_15)
FNDA:2,(anonymous_16)
DA:29,2
DA:30,2
DA:32,2
DA:33,6
DA:34,2
DA:49,2
DA:65,2
DA:66,2
DA:67,2
DA:68,0
DA:69,0
DA:71,0
DA:72,0
DA:75,2
DA:78,2
DA:79,2
DA:80,2
DA:81,0
DA:82,0
DA:85,2
DA:88,2
DA:90,2
DA:92,2
DA:93,0
DA:96,2
DA:97,0
DA:100,2
DA:102,2
DA:103,0
DA:105,2
DA:106,0
DA:109,2
DA:171,2
DA:207,2
DA:247,6
DA:274,2
DA:285,2
LF:37
LH:27
BRDA:39,0,0,2
BRDA:39,0,1,0
BRDA:68,1,0,0
BRDA:68,1,1,0
BRDA:71,2,0,0
BRDA:71,2,1,0
BRDA:81,3,0,0
BRDA:81,3,1,0
BRDA:126,4,0,2
BRDA:126,4,1,0
BRDA:208,5,0,2
BRDA:208,5,1,0
BRDA:215,6,0,2
BRDA:215,6,1,0
BRDA:223,7,0,2
BRDA:223,7,1,2
BRDA:248,8,0,0
BRDA:248,8,1,6
BRDA:256,9,0,4
BRDA:256,9,1,2
BRDA:263,10,0,6
BRDA:263,10,1,6
BRF:22
BRH:11
end_of_record
TN:
SF:src\components\EmailPreview.jsx
FN:24,showTime
FN:91,EmailPreview
FN:100,(anonymous_2)
FN:107,(anonymous_3)
FNF:4
FNH:0
FNDA:0,showTime
FNDA:0,EmailPreview
FNDA:0,(anonymous_2)
FNDA:0,(anonymous_3)
DA:25,0
DA:26,0
DA:27,0
DA:28,0
DA:32,0
DA:34,0
DA:35,0
DA:36,0
DA:37,0
DA:38,0
DA:40,0
DA:59,0
DA:60,0
DA:64,0
DA:68,0
DA:69,0
DA:71,0
DA:72,0
DA:74,0
DA:78,0
DA:79,0
DA:80,0
DA:82,0
DA:96,0
DA:97,0
DA:98,0
DA:100,0
DA:101,0
DA:102,0
DA:104,0
DA:107,0
DA:108,0
DA:111,0
LF:33
LH:0
BRDA:59,0,0,0
BRDA:59,0,1,0
BRDA:64,1,0,0
BRDA:64,1,1,0
BRDA:65,2,0,0
BRDA:65,2,1,0
BRDA:65,2,2,0
BRDA:68,3,0,0
BRDA:68,3,1,0
BRDA:74,4,0,0
BRDA:74,4,1,0
BRDA:75,5,0,0
BRDA:75,5,1,0
BRDA:75,5,2,0
BRDA:79,6,0,0
BRDA:79,6,1,0
BRDA:128,7,0,0
BRDA:128,7,1,0
BRDA:129,8,0,0
BRDA:129,8,1,0
BRDA:141,9,0,0
BRDA:141,9,1,0
BRDA:142,10,0,0
BRDA:142,10,1,0
BRF:24
BRH:0
end_of_record
TN:
SF:src\components\Login.jsx
FN:12,Login
FN:16,(anonymous_1)
FN:23,(anonymous_2)
FN:32,(anonymous_3)
FN:38,(anonymous_4)
FN:42,(anonymous_5)
FNF:6
FNH:1
FNDA:1,Login
FNDA:0,(anonymous_1)
FNDA:0,(anonymous_2)
FNDA:0,(anonymous_3)
FNDA:0,(anonymous_4)
FNDA:0,(anonymous_5)
DA:13,1
DA:14,1
DA:16,1
DA:17,0
DA:18,0
DA:19,0
DA:20,0
DA:23,1
DA:24,0
DA:25,0
DA:33,0
DA:34,0
DA:36,0
DA:39,0
DA:40,0
DA:43,0
DA:47,1
LF:17
LH:5
BRDA:33,0,0,0
BRDA:33,0,1,0
BRF:2
BRH:0
end_of_record
TN:
SF:src\components\MailBoxViewer.jsx
FN:11,MailBoxView
FN:20,(anonymous_1)
FN:27,(anonymous_2)
FN:30,(anonymous_3)
FNF:4
FNH:2
FNDA:2,MailBoxView
FNDA:0,(anonymous_1)
FNDA:2,(anonymous_2)
FNDA:0,(anonymous_3)
DA:19,2
DA:20,2
DA:21,0
DA:23,0
DA:24,0
DA:27,2
DA:29,2
DA:30,2
DA:31,0
DA:32,0
DA:41,2
DA:44,2
LF:12
LH:7
BRDA:31,0,0,0
BRDA:31,0,1,0
BRDA:53,1,0,0
BRDA:53,1,1,2
BRF:4
BRH:1
end_of_record
TN:
SF:src\components\MailViewer.jsx
FN:25,showTime
FN:88,ViewEmail
FN:97,(anonymous_2)
FN:100,(anonymous_3)
FN:107,(anonymous_4)
FN:128,(anonymous_5)
FNF:6
FNH:0
FNDA:0,showTime
FNDA:0,ViewEmail
FNDA:0,(anonymous_2)
FNDA:0,(anonymous_3)
FNDA:0,(anonymous_4)
FNDA:0,(anonymous_5)
DA:26,0
DA:27,0
DA:28,0
DA:29,0
DA:33,0
DA:34,0
DA:35,0
DA:36,0
DA:37,0
DA:38,0
DA:40,0
DA:56,0
DA:57,0
DA:59,0
DA:63,0
DA:64,0
DA:66,0
DA:67,0
DA:69,0
DA:73,0
DA:74,0
DA:75,0
DA:77,0
DA:94,0
DA:95,0
DA:97,0
DA:98,0
DA:100,0
DA:101,0
DA:102,0
DA:104,0
DA:107,0
DA:108,0
DA:109,0
DA:112,0
DA:113,0
DA:115,0
DA:117,0
DA:121,0
DA:122,0
DA:124,0
DA:125,0
DA:128,0
DA:129,0
DA:132,0
LF:45
LH:0
BRDA:56,0,0,0
BRDA:56,0,1,0
BRDA:59,1,0,0
BRDA:59,1,1,0
BRDA:60,2,0,0
BRDA:60,2,1,0
BRDA:60,2,2,0
BRDA:63,3,0,0
BRDA:63,3,1,0
BRDA:69,4,0,0
BRDA:69,4,1,0
BRDA:70,5,0,0
BRDA:70,5,1,0
BRDA:70,5,2,0
BRDA:74,6,0,0
BRDA:74,6,1,0
BRDA:108,7,0,0
BRDA:108,7,1,0
BRDA:112,8,0,0
BRDA:112,8,1,0
BRDA:121,9,0,0
BRDA:121,9,1,0
BRDA:158,10,0,0
BRDA:158,10,1,0
BRDA:161,11,0,0
BRDA:161,11,1,0
BRDA:162,12,0,0
BRDA:162,12,1,0
BRF:28
BRH:0
end_of_record