{
  "C:\\Users\\Kyle's PC\\OneDrive\\Desktop\\CSE-186\\Assignment8\\frontend\\src\\App.jsx": {
    "path": "C:\\Users\\Kyle's PC\\OneDrive\\Desktop\\CSE-186\\Assignment8\\frontend\\src\\App.jsx",
    "statementMap": {
      "0": {
        "start": {"line": 13, "column": 27},
        "end": {"line": 18, "column": 1}
      },
      "1": {
        "start": {"line": 14, "column": 2},
        "end": {"line": 16, "column": 3}
      },
      "2": {
        "start": {"line": 15, "column": 4},
        "end": {"line": 15, "column": 20}
      },
      "3": {
        "start": {"line": 17, "column": 2},
        "end": {"line": 17, "column": 43}
      },
      "4": {
        "start": {"line": 20, "column": 18},
        "end": {"line": 30, "column": 1}
      },
      "5": {
        "start": {"line": 21, "column": 19},
        "end": {"line": 27, "column": 4}
      },
      "6": {
        "start": {"line": 28, "column": 15},
        "end": {"line": 28, "column": 36}
      },
      "7": {
        "start": {"line": 29, "column": 2},
        "end": {"line": 29, "column": 14}
      },
      "8": {
        "start": {"line": 32, "column": 16},
        "end": {"line": 49, "column": 1}
      },
      "9": {
        "start": {"line": 33, "column": 2},
        "end": {"line": 39, "column": 3}
      },
      "10": {
        "start": {"line": 34, "column": 17},
        "end": {"line": 34, "column": 57}
      },
      "11": {
        "start": {"line": 35, "column": 4},
        "end": {"line": 37, "column": 5}
      },
      "12": {
        "start": {"line": 36, "column": 6},
        "end": {"line": 36, "column": 13}
      },
      "13": {
        "start": {"line": 38, "column": 4},
        "end": {"line": 38, "column": 47}
      },
      "14": {
        "start": {"line": 41, "column": 2},
        "end": {"line": 48, "column": 5}
      },
      "15": {
        "start": {"line": 57, "column": 26},
        "end": {"line": 57, "column": 38}
      },
      "16": {
        "start": {"line": 58, "column": 40},
        "end": {"line": 58, "column": 57}
      },
      "17": {
        "start": {"line": 59, "column": 46},
        "end": {"line": 59, "column": 65}
      },
      "18": {
        "start": {"line": 60, "column": 23},
        "end": {"line": 63, "column": 3}
      },
      "19": {
        "start": {"line": 61, "column": 4},
        "end": {"line": 61, "column": 41}
      },
      "20": {
        "start": {"line": 62, "column": 4},
        "end": {"line": 62, "column": 26}
      },
      "21": {
        "start": {"line": 65, "column": 2},
        "end": {"line": 80, "column": 9}
      },
      "22": {
        "start": {"line": 66, "column": 21},
        "end": {"line": 78, "column": 5}
      },
      "23": {
        "start": {"line": 67, "column": 19},
        "end": {"line": 67, "column": 59}
      },
      "24": {
        "start": {"line": 68, "column": 6},
        "end": {"line": 70, "column": 7}
      },
      "25": {
        "start": {"line": 69, "column": 8},
        "end": {"line": 69, "column": 15}
      },
      "26": {
        "start": {"line": 71, "column": 23},
        "end": {"line": 71, "column": 32}
      },
      "27": {
        "start": {"line": 72, "column": 26},
        "end": {"line": 72, "column": 54}
      },
      "28": {
        "start": {"line": 73, "column": 26},
        "end": {"line": 73, "column": 64}
      },
      "29": {
        "start": {"line": 74, "column": 32},
        "end": {"line": 76, "column": 8}
      },
      "30": {
        "start": {"line": 75, "column": 8},
        "end": {"line": 75, "column": 71}
      },
      "31": {
        "start": {"line": 77, "column": 6},
        "end": {"line": 77, "column": 33}
      },
      "32": {
        "start": {"line": 79, "column": 4},
        "end": {"line": 79, "column": 15}
      },
      "33": {
        "start": {"line": 82, "column": 26},
        "end": {"line": 84, "column": 3}
      },
      "34": {
        "start": {"line": 83, "column": 4},
        "end": {"line": 83, "column": 23}
      },
      "35": {
        "start": {"line": 86, "column": 2},
        "end": {"line": 131, "column": 4}
      }
    },
    "fnMap": {
      "0": {
        "name": "(anonymous_0)",
        "decl": {
          "start": {"line": 13, "column": 27},
          "end": {"line": 13, "column": 28}
        },
        "loc": {
          "start": {"line": 13, "column": 43},
          "end": {"line": 18, "column": 1}
        },
        "line": 13
      },
      "1": {
        "name": "(anonymous_1)",
        "decl": {
          "start": {"line": 20, "column": 18},
          "end": {"line": 20, "column": 19}
        },
        "loc": {
          "start": {"line": 20, "column": 51},
          "end": {"line": 30, "column": 1}
        },
        "line": 20
      },
      "2": {
        "name": "(anonymous_2)",
        "decl": {
          "start": {"line": 32, "column": 16},
          "end": {"line": 32, "column": 17}
        },
        "loc": {
          "start": {"line": 32, "column": 57},
          "end": {"line": 49, "column": 1}
        },
        "line": 32
      },
      "3": {
        "name": "App",
        "decl": {
          "start": {"line": 56, "column": 9},
          "end": {"line": 56, "column": 12}
        },
        "loc": {
          "start": {"line": 56, "column": 15},
          "end": {"line": 132, "column": 1}
        },
        "line": 56
      },
      "4": {
        "name": "(anonymous_4)",
        "decl": {
          "start": {"line": 60, "column": 23},
          "end": {"line": 60, "column": 24}
        },
        "loc": {
          "start": {"line": 60, "column": 39},
          "end": {"line": 63, "column": 3}
        },
        "line": 60
      },
      "5": {
        "name": "(anonymous_5)",
        "decl": {
          "start": {"line": 65, "column": 12},
          "end": {"line": 65, "column": 13}
        },
        "loc": {
          "start": {"line": 65, "column": 18},
          "end": {"line": 80, "column": 3}
        },
        "line": 65
      },
      "6": {
        "name": "(anonymous_6)",
        "decl": {
          "start": {"line": 66, "column": 21},
          "end": {"line": 66, "column": 22}
        },
        "loc": {
          "start": {"line": 66, "column": 33},
          "end": {"line": 78, "column": 5}
        },
        "line": 66
      },
      "7": {
        "name": "(anonymous_7)",
        "decl": {
          "start": {"line": 74, "column": 49},
          "end": {"line": 74, "column": 50}
        },
        "loc": {
          "start": {"line": 74, "column": 59},
          "end": {"line": 76, "column": 7}
        },
        "line": 74
      },
      "8": {
        "name": "(anonymous_8)",
        "decl": {
          "start": {"line": 82, "column": 26},
          "end": {"line": 82, "column": 27}
        },
        "loc": {
          "start": {"line": 82, "column": 32},
          "end": {"line": 84, "column": 3}
        },
        "line": 82
      }
    },
    "branchMap": {
      "0": {
        "loc": {
          "start": {"line": 14, "column": 2},
          "end": {"line": 16, "column": 3}
        },
        "type": "if",
        "locations": [
          {
            "start": {"line": 14, "column": 2},
            "end": {"line": 16, "column": 3}
          },
          {"start": {}, "end": {}}
        ],
        "line": 14
      },
      "1": {
        "loc": {
          "start": {"line": 32, "column": 29},
          "end": {"line": 32, "column": 52}
        },
        "type": "default-arg",
        "locations": [
          {
            "start": {"line": 32, "column": 43},
            "end": {"line": 32, "column": 52}
          }
        ],
        "line": 32
      },
      "2": {
        "loc": {
          "start": {"line": 33, "column": 2},
          "end": {"line": 39, "column": 3}
        },
        "type": "if",
        "locations": [
          {
            "start": {"line": 33, "column": 2},
            "end": {"line": 39, "column": 3}
          },
          {"start": {}, "end": {}}
        ],
        "line": 33
      },
      "3": {
        "loc": {
          "start": {"line": 35, "column": 4},
          "end": {"line": 37, "column": 5}
        },
        "type": "if",
        "locations": [
          {
            "start": {"line": 35, "column": 4},
            "end": {"line": 37, "column": 5}
          },
          {"start": {}, "end": {}}
        ],
        "line": 35
      },
      "4": {
        "loc": {
          "start": {"line": 38, "column": 18},
          "end": {"line": 38, "column": 46}
        },
        "type": "cond-expr",
        "locations": [
          {
            "start": {"line": 38, "column": 25},
            "end": {"line": 38, "column": 41}
          },
          {
            "start": {"line": 38, "column": 44},
            "end": {"line": 38, "column": 46}
          }
        ],
        "line": 38
      },
      "5": {
        "loc": {
          "start": {"line": 68, "column": 6},
          "end": {"line": 70, "column": 7}
        },
        "type": "if",
        "locations": [
          {
            "start": {"line": 68, "column": 6},
            "end": {"line": 70, "column": 7}
          },
          {"start": {}, "end": {}}
        ],
        "line": 68
      },
      "6": {
        "loc": {
          "start": {"line": 72, "column": 26},
          "end": {"line": 72, "column": 54}
        },
        "type": "cond-expr",
        "locations": [
          {
            "start": {"line": 72, "column": 33},
            "end": {"line": 72, "column": 49}
          },
          {
            "start": {"line": 72, "column": 52},
            "end": {"line": 72, "column": 54}
          }
        ],
        "line": 72
      }
    },
    "s": {
      "0": 2,
      "1": 3,
      "2": 2,
      "3": 1,
      "4": 2,
      "5": 2,
      "6": 0,
      "7": 0,
      "8": 2,
      "9": 0,
      "10": 0,
      "11": 0,
      "12": 0,
      "13": 0,
      "14": 0,
      "15": 3,
      "16": 3,
      "17": 3,
      "18": 3,
      "19": 0,
      "20": 0,
      "21": 3,
      "22": 3,
      "23": 3,
      "24": 3,
      "25": 1,
      "26": 2,
      "27": 2,
      "28": 2,
      "29": 0,
      "30": 0,
      "31": 0,
      "32": 3,
      "33": 3,
      "34": 0,
      "35": 3
    },
    "f": {
      "0": 3,
      "1": 2,
      "2": 0,
      "3": 3,
      "4": 0,
      "5": 3,
      "6": 3,
      "7": 0,
      "8": 0
    },
    "b": {
      "0": [2, 1],
      "1": [0],
      "2": [0, 0],
      "3": [0, 0],
      "4": [0, 0],
      "5": [1, 2],
      "6": [2, 0]
    },
    "_coverageSchema": "1a1c01bbd47fc00a2c39e90264f33305004495a9",
    "hash": "b9c696448da0a08c650e3b05fc72e4990769a2d1"
  },
  "C:\\Users\\Kyle's PC\\OneDrive\\Desktop\\CSE-186\\Assignment8\\frontend\\src\\components\\Drawer.jsx": {
    "path": "C:\\Users\\Kyle's PC\\OneDrive\\Desktop\\CSE-186\\Assignment8\\frontend\\src\\components\\Drawer.jsx",
    "statementMap": {
      "0": {
        "start": {"line": 29, "column": 17},
        "end": {"line": 29, "column": 27}
      },
      "1": {
        "start": {"line": 30, "column": 20},
        "end": {"line": 30, "column": 23}
      },
      "2": {
        "start": {"line": 32, "column": 15},
        "end": {"line": 47, "column": 3}
      },
      "3": {
        "start": {"line": 33, "column": 31},
        "end": {"line": 33, "column": 46}
      },
      "4": {
        "start": {"line": 34, "column": 23},
        "end": {"line": 47, "column": 1}
      },
      "5": {
        "start": {"line": 49, "column": 21},
        "end": {"line": 53, "column": 3}
      },
      "6": {
        "start": {"line": 49, "column": 49},
        "end": {"line": 53, "column": 1}
      },
      "7": {
        "start": {"line": 65, "column": 31},
        "end": {"line": 76, "column": 3}
      },
      "8": {
        "start": {"line": 66, "column": 21},
        "end": {"line": 66, "column": 23}
      },
      "9": {
        "start": {"line": 67, "column": 4},
        "end": {"line": 74, "column": 7}
      },
      "10": {
        "start": {"line": 68, "column": 6},
        "end": {"line": 70, "column": 7}
      },
      "11": {
        "start": {"line": 69, "column": 8},
        "end": {"line": 69, "column": 35}
      },
      "12": {
        "start": {"line": 71, "column": 6},
        "end": {"line": 73, "column": 7}
      },
      "13": {
        "start": {"line": 72, "column": 8},
        "end": {"line": 72, "column": 36}
      },
      "14": {
        "start": {"line": 75, "column": 4},
        "end": {"line": 75, "column": 20}
      },
      "15": {
        "start": {"line": 78, "column": 32},
        "end": {"line": 86, "column": 3}
      },
      "16": {
        "start": {"line": 79, "column": 16},
        "end": {"line": 79, "column": 17}
      },
      "17": {
        "start": {"line": 80, "column": 4},
        "end": {"line": 84, "column": 7}
      },
      "18": {
        "start": {"line": 81, "column": 6},
        "end": {"line": 83, "column": 7}
      },
      "19": {
        "start": {"line": 82, "column": 8},
        "end": {"line": 82, "column": 19}
      },
      "20": {
        "start": {"line": 85, "column": 4},
        "end": {"line": 85, "column": 17}
      },
      "21": {
        "start": {"line": 88, "column": 21},
        "end": {"line": 88, "column": 43}
      },
      "22": {
        "start": {"line": 90, "column": 42},
        "end": {"line": 90, "column": 62}
      },
      "23": {
        "start": {"line": 92, "column": 29},
        "end": {"line": 94, "column": 3}
      },
      "24": {
        "start": {"line": 93, "column": 4},
        "end": {"line": 93, "column": 41}
      },
      "25": {
        "start": {"line": 96, "column": 30},
        "end": {"line": 98, "column": 3}
      },
      "26": {
        "start": {"line": 97, "column": 4},
        "end": {"line": 97, "column": 26}
      },
      "27": {
        "start": {"line": 100, "column": 26},
        "end": {"line": 100, "column": 47}
      },
      "28": {
        "start": {"line": 102, "column": 27},
        "end": {"line": 104, "column": 3}
      },
      "29": {
        "start": {"line": 103, "column": 4},
        "end": {"line": 103, "column": 18}
      },
      "30": {
        "start": {"line": 105, "column": 28},
        "end": {"line": 107, "column": 3}
      },
      "31": {
        "start": {"line": 106, "column": 4},
        "end": {"line": 106, "column": 19}
      },
      "32": {
        "start": {"line": 109, "column": 2},
        "end": {"line": 295, "column": 4}
      },
      "33": {
        "start": {"line": 171, "column": 20},
        "end": {"line": 173, "column": 31}
      },
      "34": {
        "start": {"line": 207, "column": 12},
        "end": {"line": 227, "column": 23}
      },
      "35": {
        "start": {"line": 247, "column": 12},
        "end": {"line": 267, "column": 23}
      },
      "36": {
        "start": {"line": 274, "column": 12},
        "end": {"line": 279, "column": 23}
      },
      "37": {
        "start": {"line": 285, "column": 12},
        "end": {"line": 290, "column": 23}
      }
    },
    "fnMap": {
      "0": {
        "name": "(anonymous_0)",
        "decl": {
          "start": {"line": 33, "column": 21},
          "end": {"line": 33, "column": 22}
        },
        "loc": {
          "start": {"line": 33, "column": 31},
          "end": {"line": 33, "column": 46}
        },
        "line": 33
      },
      "1": {
        "name": "(anonymous_1)",
        "decl": {
          "start": {"line": 34, "column": 3},
          "end": {"line": 34, "column": 4}
        },
        "loc": {
          "start": {"line": 34, "column": 23},
          "end": {"line": 47, "column": 1}
        },
        "line": 34
      },
      "2": {
        "name": "(anonymous_2)",
        "decl": {
          "start": {"line": 49, "column": 35},
          "end": {"line": 49, "column": 36}
        },
        "loc": {
          "start": {"line": 49, "column": 49},
          "end": {"line": 53, "column": 1}
        },
        "line": 49
      },
      "3": {
        "name": "PersistentDrawerLeft",
        "decl": {
          "start": {"line": 62, "column": 24},
          "end": {"line": 62, "column": 44}
        },
        "loc": {
          "start": {"line": 64, "column": 2},
          "end": {"line": 296, "column": 1}
        },
        "line": 64
      },
      "4": {
        "name": "(anonymous_4)",
        "decl": {
          "start": {"line": 65, "column": 31},
          "end": {"line": 65, "column": 32}
        },
        "loc": {
          "start": {"line": 65, "column": 37},
          "end": {"line": 76, "column": 3}
        },
        "line": 65
      },
      "5": {
        "name": "(anonymous_5)",
        "decl": {
          "start": {"line": 67, "column": 19},
          "end": {"line": 67, "column": 20}
        },
        "loc": {
          "start": {"line": 67, "column": 29},
          "end": {"line": 74, "column": 5}
        },
        "line": 67
      },
      "6": {
        "name": "(anonymous_6)",
        "decl": {
          "start": {"line": 78, "column": 32},
          "end": {"line": 78, "column": 33}
        },
        "loc": {
          "start": {"line": 78, "column": 38},
          "end": {"line": 86, "column": 3}
        },
        "line": 78
      },
      "7": {
        "name": "(anonymous_7)",
        "decl": {
          "start": {"line": 80, "column": 19},
          "end": {"line": 80, "column": 20}
        },
        "loc": {
          "start": {"line": 80, "column": 29},
          "end": {"line": 84, "column": 5}
        },
        "line": 80
      },
      "8": {
        "name": "(anonymous_8)",
        "decl": {
          "start": {"line": 92, "column": 29},
          "end": {"line": 92, "column": 30}
        },
        "loc": {
          "start": {"line": 92, "column": 40},
          "end": {"line": 94, "column": 3}
        },
        "line": 92
      },
      "9": {
        "name": "(anonymous_9)",
        "decl": {
          "start": {"line": 96, "column": 30},
          "end": {"line": 96, "column": 31}
        },
        "loc": {
          "start": {"line": 96, "column": 36},
          "end": {"line": 98, "column": 3}
        },
        "line": 96
      },
      "10": {
        "name": "(anonymous_10)",
        "decl": {
          "start": {"line": 102, "column": 27},
          "end": {"line": 102, "column": 28}
        },
        "loc": {
          "start": {"line": 102, "column": 33},
          "end": {"line": 104, "column": 3}
        },
        "line": 102
      },
      "11": {
        "name": "(anonymous_11)",
        "decl": {
          "start": {"line": 105, "column": 28},
          "end": {"line": 105, "column": 29}
        },
        "loc": {
          "start": {"line": 105, "column": 34},
          "end": {"line": 107, "column": 3}
        },
        "line": 105
      },
      "12": {
        "name": "(anonymous_12)",
        "decl": {
          "start": {"line": 170, "column": 32},
          "end": {"line": 170, "column": 33}
        },
        "loc": {
          "start": {"line": 171, "column": 20},
          "end": {"line": 173, "column": 31}
        },
        "line": 171
      },
      "13": {
        "name": "(anonymous_13)",
        "decl": {
          "start": {"line": 206, "column": 25},
          "end": {"line": 206, "column": 26}
        },
        "loc": {
          "start": {"line": 207, "column": 12},
          "end": {"line": 227, "column": 23}
        },
        "line": 207
      },
      "14": {
        "name": "(anonymous_14)",
        "decl": {
          "start": {"line": 246, "column": 16},
          "end": {"line": 246, "column": 17}
        },
        "loc": {
          "start": {"line": 247, "column": 12},
          "end": {"line": 267, "column": 23}
        },
        "line": 247
      },
      "15": {
        "name": "(anonymous_15)",
        "decl": {
          "start": {"line": 273, "column": 31},
          "end": {"line": 273, "column": 32}
        },
        "loc": {
          "start": {"line": 274, "column": 12},
          "end": {"line": 279, "column": 23}
        },
        "line": 274
      },
      "16": {
        "name": "(anonymous_16)",
        "decl": {
          "start": {"line": 284, "column": 28},
          "end": {"line": 284, "column": 29}
        },
        "loc": {
          "start": {"line": 285, "column": 12},
          "end": {"line": 290, "column": 23}
        },
        "line": 285
      }
    },
    "branchMap": {
      "0": {
        "loc": {
          "start": {"line": 39, "column": 6},
          "end": {"line": 46, "column": 3}
        },
        "type": "binary-expr",
        "locations": [
          {
            "start": {"line": 39, "column": 6},
            "end": {"line": 39, "column": 10}
          },
          {
            "start": {"line": 39, "column": 14},
            "end": {"line": 46, "column": 3}
          }
        ],
        "line": 39
      },
      "1": {
        "loc": {
          "start": {"line": 68, "column": 6},
          "end": {"line": 70, "column": 7}
        },
        "type": "if",
        "locations": [
          {
            "start": {"line": 68, "column": 6},
            "end": {"line": 70, "column": 7}
          },
          {"start": {}, "end": {}}
        ],
        "line": 68
      },
      "2": {
        "loc": {
          "start": {"line": 71, "column": 6},
          "end": {"line": 73, "column": 7}
        },
        "type": "if",
        "locations": [
          {
            "start": {"line": 71, "column": 6},
            "end": {"line": 73, "column": 7}
          },
          {"start": {}, "end": {}}
        ],
        "line": 71
      },
      "3": {
        "loc": {
          "start": {"line": 81, "column": 6},
          "end": {"line": 83, "column": 7}
        },
        "type": "if",
        "locations": [
          {
            "start": {"line": 81, "column": 6},
            "end": {"line": 83, "column": 7}
          },
          {"start": {}, "end": {}}
        ],
        "line": 81
      },
      "4": {
        "loc": {
          "start": {"line": 126, "column": 30},
          "end": {"line": 126, "column": 55}
        },
        "type": "binary-expr",
        "locations": [
          {
            "start": {"line": 126, "column": 30},
            "end": {"line": 126, "column": 34}
          },
          {
            "start": {"line": 126, "column": 38},
            "end": {"line": 126, "column": 55}
          }
        ],
        "line": 126
      },
      "5": {
        "loc": {
          "start": {"line": 208, "column": 15},
          "end": {"line": 209, "column": 44}
        },
        "type": "cond-expr",
        "locations": [
          {
            "start": {"line": 209, "column": 16},
            "end": {"line": 209, "column": 35}
          },
          {
            "start": {"line": 209, "column": 38},
            "end": {"line": 209, "column": 44}
          }
        ],
        "line": 208
      },
      "6": {
        "loc": {
          "start": {"line": 215, "column": 17},
          "end": {"line": 215, "column": 63}
        },
        "type": "cond-expr",
        "locations": [
          {
            "start": {"line": 215, "column": 35},
            "end": {"line": 215, "column": 48}
          },
          {
            "start": {"line": 215, "column": 51},
            "end": {"line": 215, "column": 63}
          }
        ],
        "line": 215
      },
      "7": {
        "loc": {
          "start": {"line": 223, "column": 20},
          "end": {"line": 223, "column": 58}
        },
        "type": "binary-expr",
        "locations": [
          {
            "start": {"line": 223, "column": 21},
            "end": {"line": 223, "column": 51}
          },
          {
            "start": {"line": 223, "column": 56},
            "end": {"line": 223, "column": 58}
          }
        ],
        "line": 223
      },
      "8": {
        "loc": {
          "start": {"line": 248, "column": 15},
          "end": {"line": 249, "column": 44}
        },
        "type": "cond-expr",
        "locations": [
          {
            "start": {"line": 249, "column": 16},
            "end": {"line": 249, "column": 35}
          },
          {
            "start": {"line": 249, "column": 38},
            "end": {"line": 249, "column": 44}
          }
        ],
        "line": 248
      },
      "9": {
        "loc": {
          "start": {"line": 256, "column": 17},
          "end": {"line": 256, "column": 63}
        },
        "type": "cond-expr",
        "locations": [
          {
            "start": {"line": 256, "column": 35},
            "end": {"line": 256, "column": 48}
          },
          {
            "start": {"line": 256, "column": 51},
            "end": {"line": 256, "column": 63}
          }
        ],
        "line": 256
      },
      "10": {
        "loc": {
          "start": {"line": 263, "column": 20},
          "end": {"line": 263, "column": 58}
        },
        "type": "binary-expr",
        "locations": [
          {
            "start": {"line": 263, "column": 21},
            "end": {"line": 263, "column": 51}
          },
          {
            "start": {"line": 263, "column": 56},
            "end": {"line": 263, "column": 58}
          }
        ],
        "line": 263
      }
    },
    "s": {
      "0": 2,
      "1": 2,
      "2": 2,
      "3": 6,
      "4": 2,
      "5": 2,
      "6": 0,
      "7": 2,
      "8": 2,
      "9": 2,
      "10": 0,
      "11": 0,
      "12": 0,
      "13": 0,
      "14": 2,
      "15": 2,
      "16": 2,
      "17": 2,
      "18": 0,
      "19": 0,
      "20": 2,
      "21": 2,
      "22": 2,
      "23": 2,
      "24": 0,
      "25": 2,
      "26": 0,
      "27": 2,
      "28": 2,
      "29": 0,
      "30": 2,
      "31": 0,
      "32": 2,
      "33": 2,
      "34": 2,
      "35": 6,
      "36": 2,
      "37": 2
    },
    "f": {
      "0": 6,
      "1": 2,
      "2": 0,
      "3": 2,
      "4": 2,
      "5": 0,
      "6": 2,
      "7": 0,
      "8": 0,
      "9": 0,
      "10": 0,
      "11": 0,
      "12": 2,
      "13": 2,
      "14": 6,
      "15": 2,
      "16": 2
    },
    "b": {
      "0": [2, 0],
      "1": [0, 0],
      "2": [0, 0],
      "3": [0, 0],
      "4": [2, 0],
      "5": [2, 0],
      "6": [2, 0],
      "7": [2, 2],
      "8": [0, 6],
      "9": [4, 2],
      "10": [6, 6]
    },
    "_coverageSchema": "1a1c01bbd47fc00a2c39e90264f33305004495a9",
    "hash": "65bbd5a35f27605765981be0de5059463375066c"
  },
  "C:\\Users\\Kyle's PC\\OneDrive\\Desktop\\CSE-186\\Assignment8\\frontend\\src\\components\\EmailPreview.jsx": {
    "path": "C:\\Users\\Kyle's PC\\OneDrive\\Desktop\\CSE-186\\Assignment8\\frontend\\src\\components\\EmailPreview.jsx",
    "statementMap": {
      "0": {
        "start": {"line": 25, "column": 22},
        "end": {"line": 25, "column": 32}
      },
      "1": {
        "start": {"line": 26, "column": 22},
        "end": {"line": 26, "column": 47}
      },
      "2": {
        "start": {"line": 27, "column": 23},
        "end": {"line": 27, "column": 45}
      },
      "3": {
        "start": {"line": 28, "column": 21},
        "end": {"line": 28, "column": 42}
      },
      "4": {
        "start": {"line": 32, "column": 15},
        "end": {"line": 32, "column": 29}
      },
      "5": {
        "start": {"line": 34, "column": 15},
        "end": {"line": 34, "column": 33}
      },
      "6": {
        "start": {"line": 35, "column": 16},
        "end": {"line": 35, "column": 31}
      },
      "7": {
        "start": {"line": 36, "column": 14},
        "end": {"line": 36, "column": 28}
      },
      "8": {
        "start": {"line": 37, "column": 15},
        "end": {"line": 37, "column": 32}
      },
      "9": {
        "start": {"line": 38, "column": 13},
        "end": {"line": 38, "column": 28}
      },
      "10": {
        "start": {"line": 40, "column": 22},
        "end": {"line": 53, "column": 3}
      },
      "11": {
        "start": {"line": 59, "column": 2},
        "end": {"line": 61, "column": 3}
      },
      "12": {
        "start": {"line": 60, "column": 4},
        "end": {"line": 60, "column": 26}
      },
      "13": {
        "start": {"line": 64, "column": 2},
        "end": {"line": 83, "column": 3}
      },
      "14": {
        "start": {"line": 68, "column": 4},
        "end": {"line": 73, "column": 5}
      },
      "15": {
        "start": {"line": 69, "column": 6},
        "end": {"line": 69, "column": 41}
      },
      "16": {
        "start": {"line": 71, "column": 6},
        "end": {"line": 71, "column": 17}
      },
      "17": {
        "start": {"line": 72, "column": 6},
        "end": {"line": 72, "column": 41}
      },
      "18": {
        "start": {"line": 74, "column": 9},
        "end": {"line": 83, "column": 3}
      },
      "19": {
        "start": {"line": 78, "column": 4},
        "end": {"line": 78, "column": 23}
      },
      "20": {
        "start": {"line": 79, "column": 9},
        "end": {"line": 83, "column": 3}
      },
      "21": {
        "start": {"line": 80, "column": 4},
        "end": {"line": 80, "column": 44}
      },
      "22": {
        "start": {"line": 82, "column": 4},
        "end": {"line": 82, "column": 16}
      },
      "23": {
        "start": {"line": 96, "column": 19},
        "end": {"line": 96, "column": 32}
      },
      "24": {
        "start": {"line": 97, "column": 31},
        "end": {"line": 97, "column": 36}
      },
      "25": {
        "start": {"line": 98, "column": 39},
        "end": {"line": 98, "column": 43}
      },
      "26": {
        "start": {"line": 100, "column": 30},
        "end": {"line": 105, "column": 3}
      },
      "27": {
        "start": {"line": 101, "column": 4},
        "end": {"line": 101, "column": 30}
      },
      "28": {
        "start": {"line": 102, "column": 4},
        "end": {"line": 102, "column": 21}
      },
      "29": {
        "start": {"line": 104, "column": 4},
        "end": {"line": 104, "column": 22}
      },
      "30": {
        "start": {"line": 107, "column": 25},
        "end": {"line": 109, "column": 3}
      },
      "31": {
        "start": {"line": 108, "column": 4},
        "end": {"line": 108, "column": 28}
      },
      "32": {
        "start": {"line": 111, "column": 2},
        "end": {"line": 148, "column": 4}
      }
    },
    "fnMap": {
      "0": {
        "name": "showTime",
        "decl": {
          "start": {"line": 24, "column": 9},
          "end": {"line": 24, "column": 17}
        },
        "loc": {
          "start": {"line": 24, "column": 24},
          "end": {"line": 84, "column": 1}
        },
        "line": 24
      },
      "1": {
        "name": "EmailPreview",
        "decl": {
          "start": {"line": 91, "column": 24},
          "end": {"line": 91, "column": 36}
        },
        "loc": {
          "start": {"line": 95, "column": 3},
          "end": {"line": 149, "column": 1}
        },
        "line": 95
      },
      "2": {
        "name": "(anonymous_2)",
        "decl": {
          "start": {"line": 100, "column": 30},
          "end": {"line": 100, "column": 31}
        },
        "loc": {
          "start": {"line": 100, "column": 44},
          "end": {"line": 105, "column": 3}
        },
        "line": 100
      },
      "3": {
        "name": "(anonymous_3)",
        "decl": {
          "start": {"line": 107, "column": 25},
          "end": {"line": 107, "column": 26}
        },
        "loc": {
          "start": {"line": 107, "column": 31},
          "end": {"line": 109, "column": 3}
        },
        "line": 107
      }
    },
    "branchMap": {
      "0": {
        "loc": {
          "start": {"line": 59, "column": 2},
          "end": {"line": 61, "column": 3}
        },
        "type": "if",
        "locations": [
          {
            "start": {"line": 59, "column": 2},
            "end": {"line": 61, "column": 3}
          },
          {"start": {}, "end": {}}
        ],
        "line": 59
      },
      "1": {
        "loc": {
          "start": {"line": 64, "column": 2},
          "end": {"line": 83, "column": 3}
        },
        "type": "if",
        "locations": [
          {
            "start": {"line": 64, "column": 2},
            "end": {"line": 83, "column": 3}
          },
          {"start": {"line": 74, "column": 9}, "end": {"line": 83, "column": 3}}
        ],
        "line": 64
      },
      "2": {
        "loc": {
          "start": {"line": 65, "column": 4},
          "end": {"line": 67, "column": 22}
        },
        "type": "binary-expr",
        "locations": [
          {
            "start": {"line": 65, "column": 4},
            "end": {"line": 65, "column": 24}
          },
          {
            "start": {"line": 66, "column": 4},
            "end": {"line": 66, "column": 26}
          },
          {
            "start": {"line": 67, "column": 4},
            "end": {"line": 67, "column": 22}
          }
        ],
        "line": 65
      },
      "3": {
        "loc": {
          "start": {"line": 68, "column": 4},
          "end": {"line": 73, "column": 5}
        },
        "type": "if",
        "locations": [
          {
            "start": {"line": 68, "column": 4},
            "end": {"line": 73, "column": 5}
          },
          {
            "start": {"line": 70, "column": 11},
            "end": {"line": 73, "column": 5}
          }
        ],
        "line": 68
      },
      "4": {
        "loc": {
          "start": {"line": 74, "column": 9},
          "end": {"line": 83, "column": 3}
        },
        "type": "if",
        "locations": [
          {
            "start": {"line": 74, "column": 9},
            "end": {"line": 83, "column": 3}
          },
          {"start": {"line": 79, "column": 9}, "end": {"line": 83, "column": 3}}
        ],
        "line": 74
      },
      "5": {
        "loc": {
          "start": {"line": 75, "column": 4},
          "end": {"line": 77, "column": 28}
        },
        "type": "binary-expr",
        "locations": [
          {
            "start": {"line": 75, "column": 4},
            "end": {"line": 75, "column": 24}
          },
          {
            "start": {"line": 76, "column": 4},
            "end": {"line": 76, "column": 26}
          },
          {
            "start": {"line": 77, "column": 4},
            "end": {"line": 77, "column": 28}
          }
        ],
        "line": 75
      },
      "6": {
        "loc": {
          "start": {"line": 79, "column": 9},
          "end": {"line": 83, "column": 3}
        },
        "type": "if",
        "locations": [
          {
            "start": {"line": 79, "column": 9},
            "end": {"line": 83, "column": 3}
          },
          {"start": {"line": 81, "column": 9}, "end": {"line": 83, "column": 3}}
        ],
        "line": 79
      },
      "7": {
        "loc": {
          "start": {"line": 128, "column": 26},
          "end": {"line": 128, "column": 57}
        },
        "type": "cond-expr",
        "locations": [
          {
            "start": {"line": 128, "column": 43},
            "end": {"line": 128, "column": 49}
          },
          {
            "start": {"line": 128, "column": 51},
            "end": {"line": 128, "column": 57}
          }
        ],
        "line": 128
      },
      "8": {
        "loc": {
          "start": {"line": 129, "column": 26},
          "end": {"line": 129, "column": 57}
        },
        "type": "cond-expr",
        "locations": [
          {
            "start": {"line": 129, "column": 43},
            "end": {"line": 129, "column": 49}
          },
          {
            "start": {"line": 129, "column": 51},
            "end": {"line": 129, "column": 57}
          }
        ],
        "line": 129
      },
      "9": {
        "loc": {
          "start": {"line": 141, "column": 43},
          "end": {"line": 141, "column": 65}
        },
        "type": "cond-expr",
        "locations": [
          {
            "start": {"line": 141, "column": 60},
            "end": {"line": 141, "column": 61}
          },
          {
            "start": {"line": 141, "column": 64},
            "end": {"line": 141, "column": 65}
          }
        ],
        "line": 141
      },
      "10": {
        "loc": {
          "start": {"line": 142, "column": 13},
          "end": {"line": 142, "column": 71}
        },
        "type": "cond-expr",
        "locations": [
          {
            "start": {"line": 142, "column": 32},
            "end": {"line": 142, "column": 43}
          },
          {
            "start": {"line": 142, "column": 46},
            "end": {"line": 142, "column": 71}
          }
        ],
        "line": 142
      }
    },
    "s": {
      "0": 0,
      "1": 0,
      "2": 0,
      "3": 0,
      "4": 0,
      "5": 0,
      "6": 0,
      "7": 0,
      "8": 0,
      "9": 0,
      "10": 0,
      "11": 0,
      "12": 0,
      "13": 0,
      "14": 0,
      "15": 0,
      "16": 0,
      "17": 0,
      "18": 0,
      "19": 0,
      "20": 0,
      "21": 0,
      "22": 0,
      "23": 0,
      "24": 0,
      "25": 0,
      "26": 0,
      "27": 0,
      "28": 0,
      "29": 0,
      "30": 0,
      "31": 0,
      "32": 0
    },
    "f": {"0": 0, "1": 0, "2": 0, "3": 0},
    "b": {
      "0": [0, 0],
      "1": [0, 0],
      "2": [0, 0, 0],
      "3": [0, 0],
      "4": [0, 0],
      "5": [0, 0, 0],
      "6": [0, 0],
      "7": [0, 0],
      "8": [0, 0],
      "9": [0, 0],
      "10": [0, 0]
    },
    "_coverageSchema": "1a1c01bbd47fc00a2c39e90264f33305004495a9",
    "hash": "85b105bd92ab2608cb0a7f908cdfda444f650b36"
  },
  "C:\\Users\\Kyle's PC\\OneDrive\\Desktop\\CSE-186\\Assignment8\\frontend\\src\\components\\Login.jsx": {
    "path": "C:\\Users\\Kyle's PC\\OneDrive\\Desktop\\CSE-186\\Assignment8\\frontend\\src\\components\\Login.jsx",
    "statementMap": {
      "0": {
        "start": {"line": 13, "column": 26},
        "end": {"line": 13, "column": 56}
      },
      "1": {
        "start": {"line": 14, "column": 18},
        "end": {"line": 14, "column": 31}
      },
      "2": {
        "start": {"line": 16, "column": 28},
        "end": {"line": 21, "column": 3}
      },
      "3": {
        "start": {"line": 17, "column": 26},
        "end": {"line": 17, "column": 38}
      },
      "4": {
        "start": {"line": 18, "column": 14},
        "end": {"line": 18, "column": 18}
      },
      "5": {
        "start": {"line": 19, "column": 4},
        "end": {"line": 19, "column": 20}
      },
      "6": {
        "start": {"line": 20, "column": 4},
        "end": {"line": 20, "column": 15}
      },
      "7": {
        "start": {"line": 23, "column": 19},
        "end": {"line": 45, "column": 3}
      },
      "8": {
        "start": {"line": 24, "column": 4},
        "end": {"line": 24, "column": 27}
      },
      "9": {
        "start": {"line": 25, "column": 4},
        "end": {"line": 44, "column": 9}
      },
      "10": {
        "start": {"line": 33, "column": 8},
        "end": {"line": 35, "column": 9}
      },
      "11": {
        "start": {"line": 34, "column": 10},
        "end": {"line": 34, "column": 20}
      },
      "12": {
        "start": {"line": 36, "column": 8},
        "end": {"line": 36, "column": 26}
      },
      "13": {
        "start": {"line": 39, "column": 8},
        "end": {"line": 39, "column": 59}
      },
      "14": {
        "start": {"line": 40, "column": 8},
        "end": {"line": 40, "column": 21}
      },
      "15": {
        "start": {"line": 43, "column": 8},
        "end": {"line": 43, "column": 66}
      },
      "16": {
        "start": {"line": 47, "column": 2},
        "end": {"line": 73, "column": 4}
      }
    },
    "fnMap": {
      "0": {
        "name": "Login",
        "decl": {
          "start": {"line": 12, "column": 9},
          "end": {"line": 12, "column": 14}
        },
        "loc": {
          "start": {"line": 12, "column": 17},
          "end": {"line": 74, "column": 1}
        },
        "line": 12
      },
      "1": {
        "name": "(anonymous_1)",
        "decl": {
          "start": {"line": 16, "column": 28},
          "end": {"line": 16, "column": 29}
        },
        "loc": {
          "start": {"line": 16, "column": 39},
          "end": {"line": 21, "column": 3}
        },
        "line": 16
      },
      "2": {
        "name": "(anonymous_2)",
        "decl": {
          "start": {"line": 23, "column": 19},
          "end": {"line": 23, "column": 20}
        },
        "loc": {
          "start": {"line": 23, "column": 30},
          "end": {"line": 45, "column": 3}
        },
        "line": 23
      },
      "3": {
        "name": "(anonymous_3)",
        "decl": {
          "start": {"line": 32, "column": 12},
          "end": {"line": 32, "column": 13}
        },
        "loc": {
          "start": {"line": 32, "column": 21},
          "end": {"line": 37, "column": 7}
        },
        "line": 32
      },
      "4": {
        "name": "(anonymous_4)",
        "decl": {
          "start": {"line": 38, "column": 12},
          "end": {"line": 38, "column": 13}
        },
        "loc": {
          "start": {"line": 38, "column": 22},
          "end": {"line": 41, "column": 7}
        },
        "line": 38
      },
      "5": {
        "name": "(anonymous_5)",
        "decl": {
          "start": {"line": 42, "column": 13},
          "end": {"line": 42, "column": 14}
        },
        "loc": {
          "start": {"line": 42, "column": 22},
          "end": {"line": 44, "column": 7}
        },
        "line": 42
      }
    },
    "branchMap": {
      "0": {
        "loc": {
          "start": {"line": 33, "column": 8},
          "end": {"line": 35, "column": 9}
        },
        "type": "if",
        "locations": [
          {
            "start": {"line": 33, "column": 8},
            "end": {"line": 35, "column": 9}
          },
          {"start": {}, "end": {}}
        ],
        "line": 33
      }
    },
    "s": {
      "0": 1,
      "1": 1,
      "2": 1,
      "3": 0,
      "4": 0,
      "5": 0,
      "6": 0,
      "7": 1,
      "8": 0,
      "9": 0,
      "10": 0,
      "11": 0,
      "12": 0,
      "13": 0,
      "14": 0,
      "15": 0,
      "16": 1
    },
    "f": {"0": 1, "1": 0, "2": 0, "3": 0, "4": 0, "5": 0},
    "b": {"0": [0, 0]},
    "_coverageSchema": "1a1c01bbd47fc00a2c39e90264f33305004495a9",
    "hash": "bb0ffc6c13cc87ca2ce35ea43826fbd60a9b9cba"
  },
  "C:\\Users\\Kyle's PC\\OneDrive\\Desktop\\CSE-186\\Assignment8\\frontend\\src\\components\\MailBoxViewer.jsx": {
    "path": "C:\\Users\\Kyle's PC\\OneDrive\\Desktop\\CSE-186\\Assignment8\\frontend\\src\\components\\MailBoxViewer.jsx",
    "statementMap": {
      "0": {
        "start": {"line": 19, "column": 19},
        "end": {"line": 19, "column": 32}
      },
      "1": {
        "start": {"line": 20, "column": 19},
        "end": {"line": 25, "column": 3}
      },
      "2": {
        "start": {"line": 21, "column": 4},
        "end": {"line": 21, "column": 36}
      },
      "3": {
        "start": {"line": 23, "column": 4},
        "end": {"line": 23, "column": 38}
      },
      "4": {
        "start": {"line": 24, "column": 4},
        "end": {"line": 24, "column": 23}
      },
      "5": {
        "start": {"line": 27, "column": 23},
        "end": {"line": 42, "column": 3}
      },
      "6": {
        "start": {"line": 29, "column": 18},
        "end": {"line": 29, "column": 20}
      },
      "7": {
        "start": {"line": 30, "column": 4},
        "end": {"line": 40, "column": 7}
      },
      "8": {
        "start": {"line": 31, "column": 6},
        "end": {"line": 39, "column": 7}
      },
      "9": {
        "start": {"line": 32, "column": 8},
        "end": {"line": 38, "column": 14}
      },
      "10": {
        "start": {"line": 41, "column": 4},
        "end": {"line": 41, "column": 17}
      },
      "11": {
        "start": {"line": 44, "column": 2},
        "end": {"line": 64, "column": 4}
      }
    },
    "fnMap": {
      "0": {
        "name": "MailBoxView",
        "decl": {
          "start": {"line": 11, "column": 9},
          "end": {"line": 11, "column": 20}
        },
        "loc": {
          "start": {"line": 18, "column": 3},
          "end": {"line": 65, "column": 1}
        },
        "line": 18
      },
      "1": {
        "name": "(anonymous_1)",
        "decl": {
          "start": {"line": 20, "column": 19},
          "end": {"line": 20, "column": 20}
        },
        "loc": {
          "start": {"line": 20, "column": 25},
          "end": {"line": 25, "column": 3}
        },
        "line": 20
      },
      "2": {
        "name": "(anonymous_2)",
        "decl": {
          "start": {"line": 27, "column": 23},
          "end": {"line": 27, "column": 24}
        },
        "loc": {
          "start": {"line": 27, "column": 38},
          "end": {"line": 42, "column": 3}
        },
        "line": 27
      },
      "3": {
        "name": "(anonymous_3)",
        "decl": {
          "start": {"line": 30, "column": 19},
          "end": {"line": 30, "column": 20}
        },
        "loc": {
          "start": {"line": 30, "column": 30},
          "end": {"line": 40, "column": 5}
        },
        "line": 30
      }
    },
    "branchMap": {
      "0": {
        "loc": {
          "start": {"line": 31, "column": 6},
          "end": {"line": 39, "column": 7}
        },
        "type": "if",
        "locations": [
          {
            "start": {"line": 31, "column": 6},
            "end": {"line": 39, "column": 7}
          },
          {"start": {}, "end": {}}
        ],
        "line": 31
      },
      "1": {
        "loc": {
          "start": {"line": 53, "column": 12},
          "end": {"line": 53, "column": 58}
        },
        "type": "cond-expr",
        "locations": [
          {
            "start": {"line": 53, "column": 34},
            "end": {"line": 53, "column": 44}
          },
          {
            "start": {"line": 53, "column": 47},
            "end": {"line": 53, "column": 58}
          }
        ],
        "line": 53
      }
    },
    "s": {
      "0": 2,
      "1": 2,
      "2": 0,
      "3": 0,
      "4": 0,
      "5": 2,
      "6": 2,
      "7": 2,
      "8": 0,
      "9": 0,
      "10": 2,
      "11": 2
    },
    "f": {"0": 2, "1": 0, "2": 2, "3": 0},
    "b": {"0": [0, 0], "1": [0, 2]},
    "_coverageSchema": "1a1c01bbd47fc00a2c39e90264f33305004495a9",
    "hash": "d7e85d788f60b6aaf77e4403838be0cbd1c37d39"
  },
  "C:\\Users\\Kyle's PC\\OneDrive\\Desktop\\CSE-186\\Assignment8\\frontend\\src\\components\\MailViewer.jsx": {
    "path": "C:\\Users\\Kyle's PC\\OneDrive\\Desktop\\CSE-186\\Assignment8\\frontend\\src\\components\\MailViewer.jsx",
    "statementMap": {
      "0": {
        "start": {"line": 26, "column": 22},
        "end": {"line": 26, "column": 32}
      },
      "1": {
        "start": {"line": 27, "column": 22},
        "end": {"line": 27, "column": 47}
      },
      "2": {
        "start": {"line": 28, "column": 23},
        "end": {"line": 28, "column": 45}
      },
      "3": {
        "start": {"line": 29, "column": 21},
        "end": {"line": 29, "column": 42}
      },
      "4": {
        "start": {"line": 33, "column": 15},
        "end": {"line": 33, "column": 29}
      },
      "5": {
        "start": {"line": 34, "column": 15},
        "end": {"line": 34, "column": 33}
      },
      "6": {
        "start": {"line": 35, "column": 16},
        "end": {"line": 35, "column": 31}
      },
      "7": {
        "start": {"line": 36, "column": 14},
        "end": {"line": 36, "column": 28}
      },
      "8": {
        "start": {"line": 37, "column": 15},
        "end": {"line": 37, "column": 32}
      },
      "9": {
        "start": {"line": 38, "column": 13},
        "end": {"line": 38, "column": 28}
      },
      "10": {
        "start": {"line": 40, "column": 22},
        "end": {"line": 53, "column": 3}
      },
      "11": {
        "start": {"line": 56, "column": 2},
        "end": {"line": 58, "column": 3}
      },
      "12": {
        "start": {"line": 57, "column": 4},
        "end": {"line": 57, "column": 26}
      },
      "13": {
        "start": {"line": 59, "column": 2},
        "end": {"line": 78, "column": 3}
      },
      "14": {
        "start": {"line": 63, "column": 4},
        "end": {"line": 68, "column": 5}
      },
      "15": {
        "start": {"line": 64, "column": 6},
        "end": {"line": 64, "column": 41}
      },
      "16": {
        "start": {"line": 66, "column": 6},
        "end": {"line": 66, "column": 17}
      },
      "17": {
        "start": {"line": 67, "column": 6},
        "end": {"line": 67, "column": 41}
      },
      "18": {
        "start": {"line": 69, "column": 9},
        "end": {"line": 78, "column": 3}
      },
      "19": {
        "start": {"line": 73, "column": 4},
        "end": {"line": 73, "column": 23}
      },
      "20": {
        "start": {"line": 74, "column": 9},
        "end": {"line": 78, "column": 3}
      },
      "21": {
        "start": {"line": 75, "column": 4},
        "end": {"line": 75, "column": 44}
      },
      "22": {
        "start": {"line": 77, "column": 4},
        "end": {"line": 77, "column": 16}
      },
      "23": {
        "start": {"line": 94, "column": 15},
        "end": {"line": 94, "column": 26}
      },
      "24": {
        "start": {"line": 95, "column": 19},
        "end": {"line": 95, "column": 32}
      },
      "25": {
        "start": {"line": 97, "column": 16},
        "end": {"line": 99, "column": 4}
      },
      "26": {
        "start": {"line": 98, "column": 4},
        "end": {"line": 98, "column": 27}
      },
      "27": {
        "start": {"line": 100, "column": 30},
        "end": {"line": 105, "column": 3}
      },
      "28": {
        "start": {"line": 101, "column": 4},
        "end": {"line": 101, "column": 30}
      },
      "29": {
        "start": {"line": 102, "column": 4},
        "end": {"line": 102, "column": 21}
      },
      "30": {
        "start": {"line": 104, "column": 4},
        "end": {"line": 104, "column": 22}
      },
      "31": {
        "start": {"line": 107, "column": 2},
        "end": {"line": 119, "column": 5}
      },
      "32": {
        "start": {"line": 108, "column": 4},
        "end": {"line": 110, "column": 5}
      },
      "33": {
        "start": {"line": 109, "column": 6},
        "end": {"line": 109, "column": 13}
      },
      "34": {
        "start": {"line": 112, "column": 4},
        "end": {"line": 118, "column": 5}
      },
      "35": {
        "start": {"line": 113, "column": 6},
        "end": {"line": 113, "column": 23}
      },
      "36": {
        "start": {"line": 115, "column": 6},
        "end": {"line": 115, "column": 23}
      },
      "37": {
        "start": {"line": 117, "column": 6},
        "end": {"line": 117, "column": 24}
      },
      "38": {
        "start": {"line": 121, "column": 2},
        "end": {"line": 123, "column": 3}
      },
      "39": {
        "start": {"line": 122, "column": 4},
        "end": {"line": 122, "column": 36}
      },
      "40": {
        "start": {"line": 124, "column": 39},
        "end": {"line": 124, "column": 49}
      },
      "41": {
        "start": {"line": 125, "column": 36},
        "end": {"line": 125, "column": 41}
      },
      "42": {
        "start": {"line": 128, "column": 17},
        "end": {"line": 130, "column": 3}
      },
      "43": {
        "start": {"line": 129, "column": 4},
        "end": {"line": 129, "column": 18}
      },
      "44": {
        "start": {"line": 132, "column": 2},
        "end": {"line": 189, "column": 4}
      }
    },
    "fnMap": {
      "0": {
        "name": "showTime",
        "decl": {
          "start": {"line": 25, "column": 9},
          "end": {"line": 25, "column": 17}
        },
        "loc": {
          "start": {"line": 25, "column": 24},
          "end": {"line": 79, "column": 1}
        },
        "line": 25
      },
      "1": {
        "name": "ViewEmail",
        "decl": {
          "start": {"line": 88, "column": 24},
          "end": {"line": 88, "column": 33}
        },
        "loc": {
          "start": {"line": 93, "column": 3},
          "end": {"line": 190, "column": 1}
        },
        "line": 93
      },
      "2": {
        "name": "(anonymous_2)",
        "decl": {
          "start": {"line": 97, "column": 28},
          "end": {"line": 97, "column": 29}
        },
        "loc": {
          "start": {"line": 97, "column": 39},
          "end": {"line": 99, "column": 3}
        },
        "line": 97
      },
      "3": {
        "name": "(anonymous_3)",
        "decl": {
          "start": {"line": 100, "column": 30},
          "end": {"line": 100, "column": 31}
        },
        "loc": {
          "start": {"line": 100, "column": 44},
          "end": {"line": 105, "column": 3}
        },
        "line": 100
      },
      "4": {
        "name": "(anonymous_4)",
        "decl": {
          "start": {"line": 107, "column": 12},
          "end": {"line": 107, "column": 13}
        },
        "loc": {
          "start": {"line": 107, "column": 18},
          "end": {"line": 119, "column": 3}
        },
        "line": 107
      },
      "5": {
        "name": "(anonymous_5)",
        "decl": {
          "start": {"line": 128, "column": 17},
          "end": {"line": 128, "column": 18}
        },
        "loc": {
          "start": {"line": 128, "column": 23},
          "end": {"line": 130, "column": 3}
        },
        "line": 128
      }
    },
    "branchMap": {
      "0": {
        "loc": {
          "start": {"line": 56, "column": 2},
          "end": {"line": 58, "column": 3}
        },
        "type": "if",
        "locations": [
          {
            "start": {"line": 56, "column": 2},
            "end": {"line": 58, "column": 3}
          },
          {"start": {}, "end": {}}
        ],
        "line": 56
      },
      "1": {
        "loc": {
          "start": {"line": 59, "column": 2},
          "end": {"line": 78, "column": 3}
        },
        "type": "if",
        "locations": [
          {
            "start": {"line": 59, "column": 2},
            "end": {"line": 78, "column": 3}
          },
          {"start": {"line": 69, "column": 9}, "end": {"line": 78, "column": 3}}
        ],
        "line": 59
      },
      "2": {
        "loc": {
          "start": {"line": 60, "column": 4},
          "end": {"line": 62, "column": 22}
        },
        "type": "binary-expr",
        "locations": [
          {
            "start": {"line": 60, "column": 4},
            "end": {"line": 60, "column": 24}
          },
          {
            "start": {"line": 61, "column": 4},
            "end": {"line": 61, "column": 26}
          },
          {
            "start": {"line": 62, "column": 4},
            "end": {"line": 62, "column": 22}
          }
        ],
        "line": 60
      },
      "3": {
        "loc": {
          "start": {"line": 63, "column": 4},
          "end": {"line": 68, "column": 5}
        },
        "type": "if",
        "locations": [
          {
            "start": {"line": 63, "column": 4},
            "end": {"line": 68, "column": 5}
          },
          {
            "start": {"line": 65, "column": 11},
            "end": {"line": 68, "column": 5}
          }
        ],
        "line": 63
      },
      "4": {
        "loc": {
          "start": {"line": 69, "column": 9},
          "end": {"line": 78, "column": 3}
        },
        "type": "if",
        "locations": [
          {
            "start": {"line": 69, "column": 9},
            "end": {"line": 78, "column": 3}
          },
          {"start": {"line": 74, "column": 9}, "end": {"line": 78, "column": 3}}
        ],
        "line": 69
      },
      "5": {
        "loc": {
          "start": {"line": 70, "column": 4},
          "end": {"line": 72, "column": 28}
        },
        "type": "binary-expr",
        "locations": [
          {
            "start": {"line": 70, "column": 4},
            "end": {"line": 70, "column": 24}
          },
          {
            "start": {"line": 71, "column": 4},
            "end": {"line": 71, "column": 26}
          },
          {
            "start": {"line": 72, "column": 4},
            "end": {"line": 72, "column": 28}
          }
        ],
        "line": 70
      },
      "6": {
        "loc": {
          "start": {"line": 74, "column": 9},
          "end": {"line": 78, "column": 3}
        },
        "type": "if",
        "locations": [
          {
            "start": {"line": 74, "column": 9},
            "end": {"line": 78, "column": 3}
          },
          {"start": {"line": 76, "column": 9}, "end": {"line": 78, "column": 3}}
        ],
        "line": 74
      },
      "7": {
        "loc": {
          "start": {"line": 108, "column": 4},
          "end": {"line": 110, "column": 5}
        },
        "type": "if",
        "locations": [
          {
            "start": {"line": 108, "column": 4},
            "end": {"line": 110, "column": 5}
          },
          {"start": {}, "end": {}}
        ],
        "line": 108
      },
      "8": {
        "loc": {
          "start": {"line": 112, "column": 4},
          "end": {"line": 118, "column": 5}
        },
        "type": "if",
        "locations": [
          {
            "start": {"line": 112, "column": 4},
            "end": {"line": 118, "column": 5}
          },
          {"start": {}, "end": {}}
        ],
        "line": 112
      },
      "9": {
        "loc": {
          "start": {"line": 121, "column": 2},
          "end": {"line": 123, "column": 3}
        },
        "type": "if",
        "locations": [
          {
            "start": {"line": 121, "column": 2},
            "end": {"line": 123, "column": 3}
          },
          {"start": {}, "end": {}}
        ],
        "line": 121
      },
      "10": {
        "loc": {
          "start": {"line": 158, "column": 12},
          "end": {"line": 158, "column": 58}
        },
        "type": "cond-expr",
        "locations": [
          {
            "start": {"line": 158, "column": 34},
            "end": {"line": 158, "column": 44}
          },
          {
            "start": {"line": 158, "column": 47},
            "end": {"line": 158, "column": 58}
          }
        ],
        "line": 158
      },
      "11": {
        "loc": {
          "start": {"line": 161, "column": 43},
          "end": {"line": 161, "column": 65}
        },
        "type": "cond-expr",
        "locations": [
          {
            "start": {"line": 161, "column": 60},
            "end": {"line": 161, "column": 61}
          },
          {
            "start": {"line": 161, "column": 64},
            "end": {"line": 161, "column": 65}
          }
        ],
        "line": 161
      },
      "12": {
        "loc": {
          "start": {"line": 162, "column": 13},
          "end": {"line": 162, "column": 71}
        },
        "type": "cond-expr",
        "locations": [
          {
            "start": {"line": 162, "column": 32},
            "end": {"line": 162, "column": 43}
          },
          {
            "start": {"line": 162, "column": 46},
            "end": {"line": 162, "column": 71}
          }
        ],
        "line": 162
      }
    },
    "s": {
      "0": 0,
      "1": 0,
      "2": 0,
      "3": 0,
      "4": 0,
      "5": 0,
      "6": 0,
      "7": 0,
      "8": 0,
      "9": 0,
      "10": 0,
      "11": 0,
      "12": 0,
      "13": 0,
      "14": 0,
      "15": 0,
      "16": 0,
      "17": 0,
      "18": 0,
      "19": 0,
      "20": 0,
      "21": 0,
      "22": 0,
      "23": 0,
      "24": 0,
      "25": 0,
      "26": 0,
      "27": 0,
      "28": 0,
      "29": 0,
      "30": 0,
      "31": 0,
      "32": 0,
      "33": 0,
      "34": 0,
      "35": 0,
      "36": 0,
      "37": 0,
      "38": 0,
      "39": 0,
      "40": 0,
      "41": 0,
      "42": 0,
      "43": 0,
      "44": 0
    },
    "f": {"0": 0, "1": 0, "2": 0, "3": 0, "4": 0, "5": 0},
    "b": {
      "0": [0, 0],
      "1": [0, 0],
      "2": [0, 0, 0],
      "3": [0, 0],
      "4": [0, 0],
      "5": [0, 0, 0],
      "6": [0, 0],
      "7": [0, 0],
      "8": [0, 0],
      "9": [0, 0],
      "10": [0, 0],
      "11": [0, 0],
      "12": [0, 0]
    },
    "_coverageSchema": "1a1c01bbd47fc00a2c39e90264f33305004495a9",
    "hash": "da841f440e46720b3050e212a1d2ac4a48f8ac8d"
  }
}
