{
  "C:\\Users\\Kyle's PC\\OneDrive\\Desktop\\CSE-186\\Assignment8\\backend\\src\\app.js": {
    "path": "C:\\Users\\Kyle's PC\\OneDrive\\Desktop\\CSE-186\\Assignment8\\backend\\src\\app.js",
    "statementMap": {
      "0": {
        "start": {"line": 3, "column": 16},
        "end": {"line": 3, "column": 34}
      },
      "1": {
        "start": {"line": 4, "column": 13},
        "end": {"line": 4, "column": 28}
      },
      "2": {
        "start": {"line": 5, "column": 13},
        "end": {"line": 5, "column": 31}
      },
      "3": {
        "start": {"line": 6, "column": 18},
        "end": {"line": 6, "column": 47}
      },
      "4": {
        "start": {"line": 7, "column": 11},
        "end": {"line": 7, "column": 24}
      },
      "5": {
        "start": {"line": 8, "column": 13},
        "end": {"line": 8, "column": 28}
      },
      "6": {
        "start": {"line": 9, "column": 25},
        "end": {"line": 9, "column": 61}
      },
      "7": {
        "start": {"line": 11, "column": 14},
        "end": {"line": 11, "column": 32}
      },
      "8": {
        "start": {"line": 12, "column": 13},
        "end": {"line": 12, "column": 30}
      },
      "9": {
        "start": {"line": 13, "column": 13},
        "end": {"line": 13, "column": 35}
      },
      "10": {
        "start": {"line": 15, "column": 12},
        "end": {"line": 15, "column": 21}
      },
      "11": {
        "start": {"line": 16, "column": 0},
        "end": {"line": 16, "column": 16}
      },
      "12": {
        "start": {"line": 17, "column": 0},
        "end": {"line": 17, "column": 24}
      },
      "13": {
        "start": {"line": 18, "column": 0},
        "end": {"line": 18, "column": 47}
      },
      "14": {
        "start": {"line": 20, "column": 16},
        "end": {"line": 20, "column": 59}
      },
      "15": {
        "start": {"line": 22, "column": 15},
        "end": {"line": 22, "column": 58}
      },
      "16": {
        "start": {"line": 23, "column": 0},
        "end": {"line": 23, "column": 66}
      },
      "17": {
        "start": {"line": 25, "column": 0},
        "end": {"line": 31, "column": 2}
      },
      "18": {
        "start": {"line": 33, "column": 0},
        "end": {"line": 33, "column": 32}
      },
      "19": {
        "start": {"line": 39, "column": 0},
        "end": {"line": 39, "column": 30}
      },
      "20": {
        "start": {"line": 40, "column": 0},
        "end": {"line": 40, "column": 34}
      },
      "21": {
        "start": {"line": 43, "column": 0},
        "end": {"line": 49, "column": 3}
      },
      "22": {
        "start": {"line": 44, "column": 2},
        "end": {"line": 48, "column": 5}
      },
      "23": {
        "start": {"line": 51, "column": 0},
        "end": {"line": 51, "column": 21}
      }
    },
    "fnMap": {
      "0": {
        "name": "(anonymous_0)",
        "decl": {
          "start": {"line": 43, "column": 8},
          "end": {"line": 43, "column": 9}
        },
        "loc": {
          "start": {"line": 43, "column": 33},
          "end": {"line": 49, "column": 1}
        },
        "line": 43
      }
    },
    "branchMap": {},
    "s": {
      "0": 2,
      "1": 2,
      "2": 2,
      "3": 2,
      "4": 2,
      "5": 2,
      "6": 2,
      "7": 2,
      "8": 2,
      "9": 2,
      "10": 2,
      "11": 2,
      "12": 2,
      "13": 2,
      "14": 2,
      "15": 2,
      "16": 2,
      "17": 2,
      "18": 2,
      "19": 2,
      "20": 2,
      "21": 2,
      "22": 1,
      "23": 2
    },
    "f": {"0": 1},
    "b": {},
    "_coverageSchema": "1a1c01bbd47fc00a2c39e90264f33305004495a9",
    "hash": "88e8a87b942f3a8073708c6593bfc4875e6864e1"
  },
  "C:\\Users\\Kyle's PC\\OneDrive\\Desktop\\CSE-186\\Assignment8\\backend\\src\\authorize.js": {
    "path": "C:\\Users\\Kyle's PC\\OneDrive\\Desktop\\CSE-186\\Assignment8\\backend\\src\\authorize.js",
    "statementMap": {
      "0": {
        "start": {"line": 3, "column": 12},
        "end": {"line": 3, "column": 35}
      },
      "1": {
        "start": {"line": 5, "column": 16},
        "end": {"line": 5, "column": 42}
      },
      "2": {
        "start": {"line": 6, "column": 11},
        "end": {"line": 6, "column": 26}
      },
      "3": {
        "start": {"line": 8, "column": 0},
        "end": {"line": 38, "column": 2}
      },
      "4": {
        "start": {"line": 9, "column": 2},
        "end": {"line": 9, "column": 42}
      },
      "5": {
        "start": {"line": 10, "column": 31},
        "end": {"line": 10, "column": 39}
      },
      "6": {
        "start": {"line": 11, "column": 15},
        "end": {"line": 11, "column": 38}
      },
      "7": {
        "start": {"line": 12, "column": 2},
        "end": {"line": 14, "column": 3}
      },
      "8": {
        "start": {"line": 13, "column": 4},
        "end": {"line": 13, "column": 47}
      },
      "9": {
        "start": {"line": 15, "column": 13},
        "end": {"line": 15, "column": 17}
      },
      "10": {
        "start": {"line": 16, "column": 2},
        "end": {"line": 18, "column": 3}
      },
      "11": {
        "start": {"line": 17, "column": 4},
        "end": {"line": 17, "column": 66}
      },
      "12": {
        "start": {"line": 19, "column": 2},
        "end": {"line": 19, "column": 39}
      },
      "13": {
        "start": {"line": 21, "column": 2},
        "end": {"line": 37, "column": 3}
      },
      "14": {
        "start": {"line": 22, "column": 24},
        "end": {"line": 27, "column": 8}
      },
      "15": {
        "start": {"line": 28, "column": 4},
        "end": {"line": 28, "column": 60}
      },
      "16": {
        "start": {"line": 29, "column": 4},
        "end": {"line": 29, "column": 44}
      },
      "17": {
        "start": {"line": 30, "column": 4},
        "end": {"line": 33, "column": 33}
      },
      "18": {
        "start": {"line": 35, "column": 4},
        "end": {"line": 35, "column": 45}
      },
      "19": {
        "start": {"line": 36, "column": 4},
        "end": {"line": 36, "column": 46}
      },
      "20": {
        "start": {"line": 40, "column": 0},
        "end": {"line": 58, "column": 2}
      },
      "21": {
        "start": {"line": 41, "column": 2},
        "end": {"line": 41, "column": 38}
      },
      "22": {
        "start": {"line": 42, "column": 21},
        "end": {"line": 42, "column": 46}
      },
      "23": {
        "start": {"line": 43, "column": 2},
        "end": {"line": 57, "column": 3}
      },
      "24": {
        "start": {"line": 44, "column": 18},
        "end": {"line": 44, "column": 42}
      },
      "25": {
        "start": {"line": 45, "column": 4},
        "end": {"line": 53, "column": 7}
      },
      "26": {
        "start": {"line": 46, "column": 6},
        "end": {"line": 49, "column": 7}
      },
      "27": {
        "start": {"line": 47, "column": 8},
        "end": {"line": 47, "column": 58}
      },
      "28": {
        "start": {"line": 48, "column": 8},
        "end": {"line": 48, "column": 35}
      },
      "29": {
        "start": {"line": 50, "column": 6},
        "end": {"line": 50, "column": 51}
      },
      "30": {
        "start": {"line": 51, "column": 6},
        "end": {"line": 51, "column": 22}
      },
      "31": {
        "start": {"line": 52, "column": 6},
        "end": {"line": 52, "column": 13}
      },
      "32": {
        "start": {"line": 55, "column": 4},
        "end": {"line": 55, "column": 54}
      },
      "33": {
        "start": {"line": 56, "column": 4},
        "end": {"line": 56, "column": 55}
      }
    },
    "fnMap": {
      "0": {
        "name": "(anonymous_0)",
        "decl": {
          "start": {"line": 8, "column": 20},
          "end": {"line": 8, "column": 21}
        },
        "loc": {
          "start": {"line": 8, "column": 40},
          "end": {"line": 38, "column": 1}
        },
        "line": 8
      },
      "1": {
        "name": "(anonymous_1)",
        "decl": {
          "start": {"line": 40, "column": 16},
          "end": {"line": 40, "column": 17}
        },
        "loc": {
          "start": {"line": 40, "column": 36},
          "end": {"line": 58, "column": 1}
        },
        "line": 40
      },
      "2": {
        "name": "(anonymous_2)",
        "decl": {
          "start": {"line": 45, "column": 43},
          "end": {"line": 45, "column": 44}
        },
        "loc": {
          "start": {"line": 45, "column": 58},
          "end": {"line": 53, "column": 5}
        },
        "line": 45
      }
    },
    "branchMap": {
      "0": {
        "loc": {
          "start": {"line": 12, "column": 2},
          "end": {"line": 14, "column": 3}
        },
        "type": "if",
        "locations": [
          {
            "start": {"line": 12, "column": 2},
            "end": {"line": 14, "column": 3}
          },
          {"start": {}, "end": {}}
        ],
        "line": 12
      },
      "1": {
        "loc": {
          "start": {"line": 16, "column": 2},
          "end": {"line": 18, "column": 3}
        },
        "type": "if",
        "locations": [
          {
            "start": {"line": 16, "column": 2},
            "end": {"line": 18, "column": 3}
          },
          {"start": {}, "end": {}}
        ],
        "line": 16
      },
      "2": {
        "loc": {
          "start": {"line": 17, "column": 12},
          "end": {"line": 17, "column": 64}
        },
        "type": "binary-expr",
        "locations": [
          {
            "start": {"line": 17, "column": 12},
            "end": {"line": 17, "column": 38}
          },
          {
            "start": {"line": 17, "column": 42},
            "end": {"line": 17, "column": 64}
          }
        ],
        "line": 17
      },
      "3": {
        "loc": {
          "start": {"line": 21, "column": 2},
          "end": {"line": 37, "column": 3}
        },
        "type": "if",
        "locations": [
          {
            "start": {"line": 21, "column": 2},
            "end": {"line": 37, "column": 3}
          },
          {"start": {"line": 34, "column": 9}, "end": {"line": 37, "column": 3}}
        ],
        "line": 21
      },
      "4": {
        "loc": {
          "start": {"line": 43, "column": 2},
          "end": {"line": 57, "column": 3}
        },
        "type": "if",
        "locations": [
          {
            "start": {"line": 43, "column": 2},
            "end": {"line": 57, "column": 3}
          },
          {"start": {"line": 54, "column": 9}, "end": {"line": 57, "column": 3}}
        ],
        "line": 43
      },
      "5": {
        "loc": {
          "start": {"line": 46, "column": 6},
          "end": {"line": 49, "column": 7}
        },
        "type": "if",
        "locations": [
          {
            "start": {"line": 46, "column": 6},
            "end": {"line": 49, "column": 7}
          },
          {"start": {}, "end": {}}
        ],
        "line": 46
      }
    },
    "s": {
      "0": 2,
      "1": 2,
      "2": 2,
      "3": 2,
      "4": 0,
      "5": 0,
      "6": 0,
      "7": 0,
      "8": 0,
      "9": 0,
      "10": 0,
      "11": 0,
      "12": 0,
      "13": 0,
      "14": 0,
      "15": 0,
      "16": 0,
      "17": 0,
      "18": 0,
      "19": 0,
      "20": 2,
      "21": 0,
      "22": 0,
      "23": 0,
      "24": 0,
      "25": 0,
      "26": 0,
      "27": 0,
      "28": 0,
      "29": 0,
      "30": 0,
      "31": 0,
      "32": 0,
      "33": 0
    },
    "f": {"0": 0, "1": 0, "2": 0},
    "b": {
      "0": [0, 0],
      "1": [0, 0],
      "2": [0, 0],
      "3": [0, 0],
      "4": [0, 0],
      "5": [0, 0]
    },
    "_coverageSchema": "1a1c01bbd47fc00a2c39e90264f33305004495a9",
    "hash": "1e39e8e439599982c67e4f3a58724c1adbb1dbf0"
  },
  "C:\\Users\\Kyle's PC\\OneDrive\\Desktop\\CSE-186\\Assignment8\\backend\\src\\db.js": {
    "path": "C:\\Users\\Kyle's PC\\OneDrive\\Desktop\\CSE-186\\Assignment8\\backend\\src\\db.js",
    "statementMap": {
      "0": {
        "start": {"line": 1, "column": 15},
        "end": {"line": 1, "column": 28}
      },
      "1": {
        "start": {"line": 3, "column": 13},
        "end": {"line": 9, "column": 2}
      },
      "2": {
        "start": {"line": 11, "column": 0},
        "end": {"line": 29, "column": 2}
      },
      "3": {
        "start": {"line": 12, "column": 15},
        "end": {"line": 12, "column": 35}
      },
      "4": {
        "start": {"line": 13, "column": 2},
        "end": {"line": 17, "column": 3}
      },
      "5": {
        "start": {"line": 14, "column": 4},
        "end": {"line": 16, "column": 21}
      },
      "6": {
        "start": {"line": 15, "column": 6},
        "end": {"line": 15, "column": 35}
      },
      "7": {
        "start": {"line": 18, "column": 2},
        "end": {"line": 18, "column": 22}
      },
      "8": {
        "start": {"line": 19, "column": 16},
        "end": {"line": 21, "column": 3}
      },
      "9": {
        "start": {"line": 22, "column": 2},
        "end": {"line": 28, "column": 3}
      },
      "10": {
        "start": {"line": 23, "column": 19},
        "end": {"line": 23, "column": 42}
      },
      "11": {
        "start": {"line": 24, "column": 4},
        "end": {"line": 24, "column": 16}
      },
      "12": {
        "start": {"line": 26, "column": 4},
        "end": {"line": 26, "column": 23}
      },
      "13": {
        "start": {"line": 27, "column": 4},
        "end": {"line": 27, "column": 14}
      },
      "14": {
        "start": {"line": 31, "column": 0},
        "end": {"line": 48, "column": 2}
      },
      "15": {
        "start": {"line": 32, "column": 2},
        "end": {"line": 32, "column": 20}
      },
      "16": {
        "start": {"line": 33, "column": 2},
        "end": {"line": 44, "column": 3}
      },
      "17": {
        "start": {"line": 34, "column": 19},
        "end": {"line": 37, "column": 18}
      },
      "18": {
        "start": {"line": 38, "column": 4},
        "end": {"line": 38, "column": 24}
      },
      "19": {
        "start": {"line": 39, "column": 18},
        "end": {"line": 42, "column": 5}
      },
      "20": {
        "start": {"line": 43, "column": 4},
        "end": {"line": 43, "column": 28}
      },
      "21": {
        "start": {"line": 46, "column": 2},
        "end": {"line": 46, "column": 21}
      },
      "22": {
        "start": {"line": 47, "column": 2},
        "end": {"line": 47, "column": 13}
      },
      "23": {
        "start": {"line": 50, "column": 0},
        "end": {"line": 63, "column": 2}
      },
      "24": {
        "start": {"line": 51, "column": 17},
        "end": {"line": 51, "column": 61}
      },
      "25": {
        "start": {"line": 52, "column": 16},
        "end": {"line": 55, "column": 3}
      },
      "26": {
        "start": {"line": 56, "column": 13},
        "end": {"line": 56, "column": 14}
      },
      "27": {
        "start": {"line": 57, "column": 17},
        "end": {"line": 57, "column": 40}
      },
      "28": {
        "start": {"line": 58, "column": 2},
        "end": {"line": 61, "column": 3}
      },
      "29": {
        "start": {"line": 59, "column": 4},
        "end": {"line": 59, "column": 13}
      },
      "30": {
        "start": {"line": 60, "column": 4},
        "end": {"line": 60, "column": 16}
      },
      "31": {
        "start": {"line": 62, "column": 2},
        "end": {"line": 62, "column": 17}
      }
    },
    "fnMap": {
      "0": {
        "name": "(anonymous_0)",
        "decl": {
          "start": {"line": 11, "column": 19},
          "end": {"line": 11, "column": 20}
        },
        "loc": {
          "start": {"line": 11, "column": 38},
          "end": {"line": 29, "column": 1}
        },
        "line": 11
      },
      "1": {
        "name": "(anonymous_1)",
        "decl": {
          "start": {"line": 14, "column": 54},
          "end": {"line": 14, "column": 55}
        },
        "loc": {
          "start": {"line": 14, "column": 72},
          "end": {"line": 16, "column": 5}
        },
        "line": 14
      },
      "2": {
        "name": "(anonymous_2)",
        "decl": {
          "start": {"line": 31, "column": 18},
          "end": {"line": 31, "column": 19}
        },
        "loc": {
          "start": {"line": 31, "column": 34},
          "end": {"line": 48, "column": 1}
        },
        "line": 31
      },
      "3": {
        "name": "(anonymous_3)",
        "decl": {
          "start": {"line": 50, "column": 15},
          "end": {"line": 50, "column": 16}
        },
        "loc": {
          "start": {"line": 50, "column": 35},
          "end": {"line": 63, "column": 1}
        },
        "line": 50
      }
    },
    "branchMap": {
      "0": {
        "loc": {
          "start": {"line": 13, "column": 2},
          "end": {"line": 17, "column": 3}
        },
        "type": "if",
        "locations": [
          {
            "start": {"line": 13, "column": 2},
            "end": {"line": 17, "column": 3}
          },
          {"start": {}, "end": {}}
        ],
        "line": 13
      },
      "1": {
        "loc": {
          "start": {"line": 58, "column": 2},
          "end": {"line": 61, "column": 3}
        },
        "type": "if",
        "locations": [
          {
            "start": {"line": 58, "column": 2},
            "end": {"line": 61, "column": 3}
          },
          {"start": {}, "end": {}}
        ],
        "line": 58
      }
    },
    "s": {
      "0": 2,
      "1": 2,
      "2": 2,
      "3": 1,
      "4": 1,
      "5": 0,
      "6": 0,
      "7": 1,
      "8": 1,
      "9": 1,
      "10": 1,
      "11": 1,
      "12": 0,
      "13": 0,
      "14": 2,
      "15": 0,
      "16": 0,
      "17": 0,
      "18": 0,
      "19": 0,
      "20": 0,
      "21": 0,
      "22": 0,
      "23": 2,
      "24": 0,
      "25": 0,
      "26": 0,
      "27": 0,
      "28": 0,
      "29": 0,
      "30": 0,
      "31": 0
    },
    "f": {"0": 1, "1": 0, "2": 0, "3": 0},
    "b": {"0": [0, 1], "1": [0, 0]},
    "_coverageSchema": "1a1c01bbd47fc00a2c39e90264f33305004495a9",
    "hash": "0202f20ad7451e4944875d62a97dcd4d1e380e5a"
  },
  "C:\\Users\\Kyle's PC\\OneDrive\\Desktop\\CSE-186\\Assignment8\\backend\\src\\dummy.js": {
    "path": "C:\\Users\\Kyle's PC\\OneDrive\\Desktop\\CSE-186\\Assignment8\\backend\\src\\dummy.js",
    "statementMap": {
      "0": {
        "start": {"line": 1, "column": 15},
        "end": {"line": 1, "column": 28}
      },
      "1": {
        "start": {"line": 3, "column": 13},
        "end": {"line": 9, "column": 2}
      },
      "2": {
        "start": {"line": 11, "column": 20},
        "end": {"line": 19, "column": 1}
      },
      "3": {
        "start": {"line": 12, "column": 17},
        "end": {"line": 12, "column": 38}
      },
      "4": {
        "start": {"line": 13, "column": 16},
        "end": {"line": 16, "column": 3}
      },
      "5": {
        "start": {"line": 17, "column": 17},
        "end": {"line": 17, "column": 40}
      },
      "6": {
        "start": {"line": 18, "column": 2},
        "end": {"line": 18, "column": 25}
      },
      "7": {
        "start": {"line": 21, "column": 0},
        "end": {"line": 25, "column": 2}
      },
      "8": {
        "start": {"line": 22, "column": 2},
        "end": {"line": 24, "column": 52}
      }
    },
    "fnMap": {
      "0": {
        "name": "(anonymous_0)",
        "decl": {
          "start": {"line": 11, "column": 20},
          "end": {"line": 11, "column": 21}
        },
        "loc": {
          "start": {"line": 11, "column": 32},
          "end": {"line": 19, "column": 1}
        },
        "line": 11
      },
      "1": {
        "name": "(anonymous_1)",
        "decl": {
          "start": {"line": 21, "column": 14},
          "end": {"line": 21, "column": 15}
        },
        "loc": {
          "start": {"line": 21, "column": 34},
          "end": {"line": 25, "column": 1}
        },
        "line": 21
      }
    },
    "branchMap": {},
    "s": {
      "0": 2,
      "1": 2,
      "2": 2,
      "3": 1,
      "4": 1,
      "5": 1,
      "6": 1,
      "7": 2,
      "8": 1
    },
    "f": {"0": 1, "1": 1},
    "b": {},
    "_coverageSchema": "1a1c01bbd47fc00a2c39e90264f33305004495a9",
    "hash": "682be16cde403df715e6c534c5aa3d0ff017ccf7"
  },
  "C:\\Users\\Kyle's PC\\OneDrive\\Desktop\\CSE-186\\Assignment8\\backend\\src\\user.js": {
    "path": "C:\\Users\\Kyle's PC\\OneDrive\\Desktop\\CSE-186\\Assignment8\\backend\\src\\user.js",
    "statementMap": {
      "0": {
        "start": {"line": 1, "column": 11},
        "end": {"line": 1, "column": 26}
      },
      "1": {
        "start": {"line": 3, "column": 0},
        "end": {"line": 11, "column": 2}
      },
      "2": {
        "start": {"line": 4, "column": 15},
        "end": {"line": 4, "column": 43}
      },
      "3": {
        "start": {"line": 5, "column": 2},
        "end": {"line": 10, "column": 3}
      },
      "4": {
        "start": {"line": 6, "column": 4},
        "end": {"line": 6, "column": 43}
      },
      "5": {
        "start": {"line": 8, "column": 4},
        "end": {"line": 8, "column": 67}
      },
      "6": {
        "start": {"line": 9, "column": 4},
        "end": {"line": 9, "column": 31}
      },
      "7": {
        "start": {"line": 13, "column": 0},
        "end": {"line": 22, "column": 2}
      },
      "8": {
        "start": {"line": 14, "column": 2},
        "end": {"line": 14, "column": 24}
      },
      "9": {
        "start": {"line": 15, "column": 15},
        "end": {"line": 15, "column": 41}
      },
      "10": {
        "start": {"line": 16, "column": 2},
        "end": {"line": 21, "column": 3}
      },
      "11": {
        "start": {"line": 17, "column": 4},
        "end": {"line": 17, "column": 24}
      },
      "12": {
        "start": {"line": 19, "column": 4},
        "end": {"line": 19, "column": 36}
      },
      "13": {
        "start": {"line": 20, "column": 4},
        "end": {"line": 20, "column": 24}
      }
    },
    "fnMap": {
      "0": {
        "name": "(anonymous_0)",
        "decl": {
          "start": {"line": 3, "column": 14},
          "end": {"line": 3, "column": 15}
        },
        "loc": {
          "start": {"line": 3, "column": 34},
          "end": {"line": 11, "column": 1}
        },
        "line": 3
      },
      "1": {
        "name": "(anonymous_1)",
        "decl": {
          "start": {"line": 13, "column": 18},
          "end": {"line": 13, "column": 19}
        },
        "loc": {
          "start": {"line": 13, "column": 38},
          "end": {"line": 22, "column": 1}
        },
        "line": 13
      }
    },
    "branchMap": {
      "0": {
        "loc": {
          "start": {"line": 5, "column": 2},
          "end": {"line": 10, "column": 3}
        },
        "type": "if",
        "locations": [
          {"start": {"line": 5, "column": 2}, "end": {"line": 10, "column": 3}},
          {"start": {"line": 7, "column": 9}, "end": {"line": 10, "column": 3}}
        ],
        "line": 5
      },
      "1": {
        "loc": {
          "start": {"line": 16, "column": 2},
          "end": {"line": 21, "column": 3}
        },
        "type": "if",
        "locations": [
          {
            "start": {"line": 16, "column": 2},
            "end": {"line": 21, "column": 3}
          },
          {"start": {"line": 18, "column": 9}, "end": {"line": 21, "column": 3}}
        ],
        "line": 16
      }
    },
    "s": {
      "0": 2,
      "1": 2,
      "2": 1,
      "3": 1,
      "4": 0,
      "5": 1,
      "6": 1,
      "7": 2,
      "8": 0,
      "9": 0,
      "10": 0,
      "11": 0,
      "12": 0,
      "13": 0
    },
    "f": {"0": 1, "1": 0},
    "b": {"0": [0, 1], "1": [0, 0]},
    "_coverageSchema": "1a1c01bbd47fc00a2c39e90264f33305004495a9",
    "hash": "a7e7e6086cf5e319cfd26e4a9f9477082443fef6"
  },
  "C:\\Users\\Kyle's PC\\OneDrive\\Desktop\\CSE-186\\Assignment8\\backend\\src\\__tests__\\db.js": {
    "path": "C:\\Users\\Kyle's PC\\OneDrive\\Desktop\\CSE-186\\Assignment8\\backend\\src\\__tests__\\db.js",
    "statementMap": {
      "0": {
        "start": {"line": 5, "column": 11},
        "end": {"line": 5, "column": 24}
      },
      "1": {
        "start": {"line": 6, "column": 15},
        "end": {"line": 6, "column": 28}
      },
      "2": {
        "start": {"line": 8, "column": 0},
        "end": {"line": 8, "column": 27}
      },
      "3": {
        "start": {"line": 9, "column": 0},
        "end": {"line": 9, "column": 31}
      },
      "4": {
        "start": {"line": 11, "column": 13},
        "end": {"line": 17, "column": 2}
      },
      "5": {
        "start": {"line": 19, "column": 12},
        "end": {"line": 25, "column": 1}
      },
      "6": {
        "start": {"line": 20, "column": 18},
        "end": {"line": 20, "column": 47}
      },
      "7": {
        "start": {"line": 21, "column": 21},
        "end": {"line": 21, "column": 43}
      },
      "8": {
        "start": {"line": 22, "column": 2},
        "end": {"line": 24, "column": 3}
      },
      "9": {
        "start": {"line": 23, "column": 4},
        "end": {"line": 23, "column": 32}
      },
      "10": {
        "start": {"line": 27, "column": 0},
        "end": {"line": 31, "column": 2}
      },
      "11": {
        "start": {"line": 28, "column": 2},
        "end": {"line": 28, "column": 30}
      },
      "12": {
        "start": {"line": 29, "column": 2},
        "end": {"line": 29, "column": 28}
      },
      "13": {
        "start": {"line": 30, "column": 2},
        "end": {"line": 30, "column": 31}
      },
      "14": {
        "start": {"line": 33, "column": 0},
        "end": {"line": 37, "column": 2}
      },
      "15": {
        "start": {"line": 34, "column": 2},
        "end": {"line": 36, "column": 5}
      }
    },
    "fnMap": {
      "0": {
        "name": "(anonymous_0)",
        "decl": {
          "start": {"line": 19, "column": 12},
          "end": {"line": 19, "column": 13}
        },
        "loc": {
          "start": {"line": 19, "column": 28},
          "end": {"line": 25, "column": 1}
        },
        "line": 19
      },
      "1": {
        "name": "(anonymous_1)",
        "decl": {
          "start": {"line": 27, "column": 16},
          "end": {"line": 27, "column": 17}
        },
        "loc": {
          "start": {"line": 27, "column": 28},
          "end": {"line": 31, "column": 1}
        },
        "line": 27
      },
      "2": {
        "name": "(anonymous_2)",
        "decl": {
          "start": {"line": 33, "column": 19},
          "end": {"line": 33, "column": 20}
        },
        "loc": {
          "start": {"line": 33, "column": 25},
          "end": {"line": 37, "column": 1}
        },
        "line": 33
      },
      "3": {
        "name": "(anonymous_3)",
        "decl": {
          "start": {"line": 34, "column": 11},
          "end": {"line": 34, "column": 12}
        },
        "loc": {
          "start": {"line": 34, "column": 17},
          "end": {"line": 36, "column": 3}
        },
        "line": 34
      }
    },
    "branchMap": {},
    "s": {
      "0": 2,
      "1": 2,
      "2": 2,
      "3": 2,
      "4": 2,
      "5": 2,
      "6": 6,
      "7": 6,
      "8": 6,
      "9": 194,
      "10": 2,
      "11": 2,
      "12": 2,
      "13": 2,
      "14": 2,
      "15": 1
    },
    "f": {"0": 6, "1": 2, "2": 1, "3": 1},
    "b": {},
    "_coverageSchema": "1a1c01bbd47fc00a2c39e90264f33305004495a9",
    "hash": "ca7041fbde2d6d0537b85fb4e9814d44713ee671"
  }
}
