TN:
SF:src\app.js
FN:43,(anonymous_0)
FNF:1
FNH:1
FNDA:1,(anonymous_0)
DA:3,2
DA:4,2
DA:5,2
DA:6,2
DA:7,2
DA:8,2
DA:9,2
DA:11,2
DA:12,2
DA:13,2
DA:15,2
DA:16,2
DA:17,2
DA:18,2
DA:20,2
DA:22,2
DA:23,2
DA:25,2
DA:33,2
DA:39,2
DA:40,2
DA:43,2
DA:44,1
DA:51,2
LF:24
LH:24
BRF:0
BRH:0
end_of_record
TN:
SF:src\authorize.js
FN:8,(anonymous_0)
FN:40,(anonymous_1)
FN:45,(anonymous_2)
FNF:3
FNH:0
FNDA:0,(anonymous_0)
FNDA:0,(anonymous_1)
FNDA:0,(anonymous_2)
DA:3,2
DA:5,2
DA:6,2
DA:8,2
DA:9,0
DA:10,0
DA:11,0
DA:12,0
DA:13,0
DA:15,0
DA:16,0
DA:17,0
DA:19,0
DA:21,0
DA:22,0
DA:28,0
DA:29,0
DA:30,0
DA:35,0
DA:36,0
DA:40,2
DA:41,0
DA:42,0
DA:43,0
DA:44,0
DA:45,0
DA:46,0
DA:47,0
DA:48,0
DA:50,0
DA:51,0
DA:52,0
DA:55,0
DA:56,0
LF:34
LH:5
BRDA:12,0,0,0
BRDA:12,0,1,0
BRDA:16,1,0,0
BRDA:16,1,1,0
BRDA:17,2,0,0
BRDA:17,2,1,0
BRDA:21,3,0,0
BRDA:21,3,1,0
BRDA:43,4,0,0
BRDA:43,4,1,0
BRDA:46,5,0,0
BRDA:46,5,1,0
BRF:12
BRH:0
end_of_record
TN:
SF:src\db.js
FN:11,(anonymous_0)
FN:14,(anonymous_1)
FN:31,(anonymous_2)
FN:50,(anonymous_3)
FNF:4
FNH:1
FNDA:1,(anonymous_0)
FNDA:0,(anonymous_1)
FNDA:0,(anonymous_2)
FNDA:0,(anonymous_3)
DA:1,2
DA:3,2
DA:11,2
DA:12,1
DA:13,1
DA:14,0
DA:15,0
DA:18,1
DA:19,1
DA:22,1
DA:23,1
DA:24,1
DA:26,0
DA:27,0
DA:31,2
DA:32,0
DA:33,0
DA:34,0
DA:38,0
DA:39,0
DA:43,0
DA:46,0
DA:47,0
DA:50,2
DA:51,0
DA:52,0
DA:56,0
DA:57,0
DA:58,0
DA:59,0
DA:60,0
DA:62,0
LF:32
LH:12
BRDA:13,0,0,0
BRDA:13,0,1,1
BRDA:58,1,0,0
BRDA:58,1,1,0
BRF:4
BRH:1
end_of_record
TN:
SF:src\dummy.js
FN:11,(anonymous_0)
FN:21,(anonymous_1)
FNF:2
FNH:2
FNDA:1,(anonymous_0)
FNDA:1,(anonymous_1)
DA:1,2
DA:3,2
DA:11,2
DA:12,1
DA:13,1
DA:17,1
DA:18,1
DA:21,2
DA:22,1
LF:9
LH:9
BRF:0
BRH:0
end_of_record
TN:
SF:src\user.js
FN:3,(anonymous_0)
FN:13,(anonymous_1)
FNF:2
FNH:1
FNDA:1,(anonymous_0)
FNDA:0,(anonymous_1)
DA:1,2
DA:3,2
DA:4,1
DA:5,1
DA:6,0
DA:8,1
DA:9,1
DA:13,2
DA:14,0
DA:15,0
DA:16,0
DA:17,0
DA:19,0
DA:20,0
LF:14
LH:7
BRDA:5,0,0,0
BRDA:5,0,1,1
BRDA:16,1,0,0
BRDA:16,1,1,0
BRF:4
BRH:1
end_of_record
TN:
SF:src\__tests__\db.js
FN:19,(anonymous_0)
FN:27,(anonymous_1)
FN:33,(anonymous_2)
FN:34,(anonymous_3)
FNF:4
FNH:4
FNDA:6,(anonymous_0)
FNDA:2,(anonymous_1)
FNDA:1,(anonymous_2)
FNDA:1,(anonymous_3)
DA:5,2
DA:6,2
DA:8,2
DA:9,2
DA:11,2
DA:19,2
DA:20,6
DA:21,6
DA:22,6
DA:23,194
DA:27,2
DA:28,2
DA:29,2
DA:30,2
DA:33,2
DA:34,1
LF:16
LH:16
BRF:0
BRH:0
end_of_record
